
*** Running vivado
    with args -log bd_097b_user_debug_bridge_0.vds -m64 -product Vivado -mode batch -messageDb vivado.pb -notrace -source bd_097b_user_debug_bridge_0.tcl


****** Vivado v2022.1 (64-bit)
  **** SW Build 3526262 on Mon Apr 18 15:47:01 MDT 2022
  **** IP Build 3524634 on Mon Apr 18 20:55:01 MDT 2022
    ** Copyright 1986-2022 Xilinx, Inc. All Rights Reserved.

source bd_097b_user_debug_bridge_0.tcl -notrace
INFO: Dispatch client connection id - 35001
INFO: [IP_Flow 19-234] Refreshing IP repositories
INFO: [IP_Flow 19-1700] Loaded user IP repository '/home/csl/sky/hls4ml_practice/hls4ml_prj_u55c_new/myproject_prj/solution1/impl/ip'.
INFO: [IP_Flow 19-1700] Loaded user IP repository '/home/csl/sky/hls4ml_practice/hls4ml_prj_u55c_new/xclbin_files/_x/link/int/xo/ip_repo/xilinx_com_hls_myproject_1_0'.
INFO: [IP_Flow 19-1700] Loaded user IP repository '/home/csl/sky/hls4ml_practice/hls4ml_prj_u55c_new/xclbin_files/_x/link/vivado/vpl/.local/hw_platform/iprepo'.
INFO: [IP_Flow 19-1700] Loaded user IP repository '/home/csl/sky/hls4ml_practice/hls4ml_prj_u55c_new/xclbin_files/_x/link/vivado/vpl/.local/hw_platform/ipcache'.
INFO: [IP_Flow 19-1700] Loaded user IP repository '/home/Xilinx/Vitis/2022.1/data/ip'.
INFO: [IP_Flow 19-2313] Loaded Vivado IP repository '/home/Xilinx/Vivado/2022.1/data/ip'.
WARNING: [IP_Flow 19-1663] Duplicate IP found for 'xilinx.com:hls:myproject:1.0'. The one found in IP location '/home/csl/sky/hls4ml_practice/hls4ml_prj_u55c_new/xclbin_files/_x/link/int/xo/ip_repo/xilinx_com_hls_myproject_1_0' will take precedence over the same IP in location /home/csl/sky/hls4ml_practice/hls4ml_prj_u55c_new/myproject_prj/solution1/impl/ip
WARNING: [IP_Flow 19-1663] Duplicate IP found for 'xilinx.com:ip:clk_metadata_adapter:1.0'. The one found in IP location '/home/csl/sky/hls4ml_practice/hls4ml_prj_u55c_new/xclbin_files/_x/link/vivado/vpl/.local/hw_platform/iprepo/ipdefs/pxi_ii_infra/clk_metadata_adapter_v1_0' will take precedence over the same IP in location /home/csl/sky/hls4ml_practice/hls4ml_prj_u55c_new/xclbin_files/_x/link/vivado/vpl/.local/hw_platform/iprepo/ipdefs/other_ipdefs/clk_metadata_adapter_v1_0
WARNING: [IP_Flow 19-1663] Duplicate IP found for 'xilinx.com:ip:pipeline_reg:1.0'. The one found in IP location '/home/csl/sky/hls4ml_practice/hls4ml_prj_u55c_new/xclbin_files/_x/link/vivado/vpl/.local/hw_platform/iprepo/ipdefs/pxi_ii_infra/pipeline_reg_v1_0' will take precedence over the same IP in location /home/csl/sky/hls4ml_practice/hls4ml_prj_u55c_new/xclbin_files/_x/link/vivado/vpl/.local/hw_platform/iprepo/ipdefs/other_ipdefs/pipeline_reg_v1_0
WARNING: [IP_Flow 19-1663] Duplicate IP found for 'xilinx.com:ip:shell_utils_build_info:1.0'. The one found in IP location '/home/csl/sky/hls4ml_practice/hls4ml_prj_u55c_new/xclbin_files/_x/link/vivado/vpl/.local/hw_platform/iprepo/ipdefs/other_ipdefs/shell_utils_build_info_v1_0' will take precedence over the same IP in the Xilinx installed IP.
WARNING: [IP_Flow 19-1663] Duplicate IP found for 'xilinx.com:ip:axi_clk_metadata_adapter:1.0'. The one found in IP location '/home/csl/sky/hls4ml_practice/hls4ml_prj_u55c_new/xclbin_files/_x/link/vivado/vpl/.local/hw_platform/iprepo/ipdefs/other_ipdefs/axi_clk_metadata_adapter_v1_0' will take precedence over the same IP in location /home/csl/sky/hls4ml_practice/hls4ml_prj_u55c_new/xclbin_files/_x/link/vivado/vpl/.local/hw_platform/iprepo/ipdefs/pxi_ii_infra/axi_clk_metadata_adapter_v1_0
WARNING: [IP_Flow 19-1663] Duplicate IP found for 'xilinx.com:ip:axis_clk_metadata_adapter:1.0'. The one found in IP location '/home/csl/sky/hls4ml_practice/hls4ml_prj_u55c_new/xclbin_files/_x/link/vivado/vpl/.local/hw_platform/iprepo/ipdefs/other_ipdefs/axis_clk_metadata_adapter_v1_0' will take precedence over the same IP in location /home/csl/sky/hls4ml_practice/hls4ml_prj_u55c_new/xclbin_files/_x/link/vivado/vpl/.local/hw_platform/iprepo/ipdefs/pxi_ii_infra/axis_clk_metadata_adapter_v1_0
Command: synth_design -top bd_097b_user_debug_bridge_0 -part xcu55c-fsvh2892-2L-e -incremental_mode off -mode out_of_context
Starting synth_design
Attempting to get a license for feature 'Synthesis' and/or device 'xcu55c'
INFO: [Common 17-349] Got license for feature 'Synthesis' and/or device 'xcu55c'
INFO: [Device 21-403] Loading part xcu55c-fsvh2892-2L-e
INFO: [Synth 8-7079] Multithreading enabled for synth_design using a maximum of 1 processes.
INFO: [Synth 8-7078] Launching helper process for spawning children vivado processes
INFO: [Synth 8-7075] Helper process launched with PID 556439
WARNING: [Synth 8-9501] generate block is allowed only inside loop and conditional generate in SystemVerilog mode [/home/Xilinx/Vivado/2022.1/data/ip/xpm/xpm_fifo/hdl/xpm_fifo.sv:4023]
---------------------------------------------------------------------------------
Starting RTL Elaboration : Time (s): cpu = 00:00:05 ; elapsed = 00:00:05 . Memory (MB): peak = 3660.055 ; gain = 337.797 ; free physical = 11406 ; free virtual = 41623
---------------------------------------------------------------------------------
INFO: [Synth 8-6157] synthesizing module 'bd_097b_user_debug_bridge_0' [/home/csl/sky/hls4ml_practice/hls4ml_prj_u55c_new/xclbin_files/_x/link/vivado/vpl/prj/prj.gen/my_rm/bd/ulp/ip/ulp_ulp_cmp_0/bd_0/ip/ip_2/synth/bd_097b_user_debug_bridge_0.v:53]
INFO: [Synth 8-6157] synthesizing module 'bd_7cf0' [/home/csl/sky/hls4ml_practice/hls4ml_prj_u55c_new/xclbin_files/_x/link/vivado/vpl/prj/prj.gen/my_rm/bd/ulp/ip/ulp_ulp_cmp_0/bd_1/synth/bd_7cf0.v:9]
INFO: [Synth 8-6157] synthesizing module 'bd_7cf0_axi_jtag_0' [/home/csl/sky/hls4ml_practice/hls4ml_prj_u55c_new/xclbin_files/_x/link/vivado/vpl/prj/prj.runs/bd_097b_user_debug_bridge_0_synth_1/.Xil/Vivado-556098-gpu2/realtime/bd_7cf0_axi_jtag_0_stub.v:5]
INFO: [Synth 8-6155] done synthesizing module 'bd_7cf0_axi_jtag_0' (0#1) [/home/csl/sky/hls4ml_practice/hls4ml_prj_u55c_new/xclbin_files/_x/link/vivado/vpl/prj/prj.runs/bd_097b_user_debug_bridge_0_synth_1/.Xil/Vivado-556098-gpu2/realtime/bd_7cf0_axi_jtag_0_stub.v:5]
INFO: [Synth 8-6157] synthesizing module 'bd_7cf0_bs_switch_1_0' [/home/csl/sky/hls4ml_practice/hls4ml_prj_u55c_new/xclbin_files/_x/link/vivado/vpl/prj/prj.runs/bd_097b_user_debug_bridge_0_synth_1/.Xil/Vivado-556098-gpu2/realtime/bd_7cf0_bs_switch_1_0_stub.v:5]
INFO: [Synth 8-6155] done synthesizing module 'bd_7cf0_bs_switch_1_0' (0#1) [/home/csl/sky/hls4ml_practice/hls4ml_prj_u55c_new/xclbin_files/_x/link/vivado/vpl/prj/prj.runs/bd_097b_user_debug_bridge_0_synth_1/.Xil/Vivado-556098-gpu2/realtime/bd_7cf0_bs_switch_1_0_stub.v:5]
INFO: [Synth 8-6157] synthesizing module 'bd_7cf0_bsip_0' [/home/csl/sky/hls4ml_practice/hls4ml_prj_u55c_new/xclbin_files/_x/link/vivado/vpl/prj/prj.runs/bd_097b_user_debug_bridge_0_synth_1/.Xil/Vivado-556098-gpu2/realtime/bd_7cf0_bsip_0_stub.v:5]
INFO: [Synth 8-6155] done synthesizing module 'bd_7cf0_bsip_0' (0#1) [/home/csl/sky/hls4ml_practice/hls4ml_prj_u55c_new/xclbin_files/_x/link/vivado/vpl/prj/prj.runs/bd_097b_user_debug_bridge_0_synth_1/.Xil/Vivado-556098-gpu2/realtime/bd_7cf0_bsip_0_stub.v:5]
INFO: [Synth 8-6155] done synthesizing module 'bd_7cf0' (0#1) [/home/csl/sky/hls4ml_practice/hls4ml_prj_u55c_new/xclbin_files/_x/link/vivado/vpl/prj/prj.gen/my_rm/bd/ulp/ip/ulp_ulp_cmp_0/bd_1/synth/bd_7cf0.v:9]
INFO: [Synth 8-6155] done synthesizing module 'bd_097b_user_debug_bridge_0' (0#1) [/home/csl/sky/hls4ml_practice/hls4ml_prj_u55c_new/xclbin_files/_x/link/vivado/vpl/prj/prj.gen/my_rm/bd/ulp/ip/ulp_ulp_cmp_0/bd_0/ip/ip_2/synth/bd_097b_user_debug_bridge_0.v:53]
---------------------------------------------------------------------------------
Finished RTL Elaboration : Time (s): cpu = 00:00:07 ; elapsed = 00:00:07 . Memory (MB): peak = 3724.992 ; gain = 402.734 ; free physical = 12329 ; free virtual = 42546
---------------------------------------------------------------------------------
---------------------------------------------------------------------------------
Start Handling Custom Attributes
---------------------------------------------------------------------------------
---------------------------------------------------------------------------------
Finished Handling Custom Attributes : Time (s): cpu = 00:00:07 ; elapsed = 00:00:07 . Memory (MB): peak = 3742.805 ; gain = 420.547 ; free physical = 12331 ; free virtual = 42548
---------------------------------------------------------------------------------
---------------------------------------------------------------------------------
Finished RTL Optimization Phase 1 : Time (s): cpu = 00:00:07 ; elapsed = 00:00:07 . Memory (MB): peak = 3742.805 ; gain = 420.547 ; free physical = 12331 ; free virtual = 42548
---------------------------------------------------------------------------------
Netlist sorting complete. Time (s): cpu = 00:00:00 ; elapsed = 00:00:00 . Memory (MB): peak = 3742.805 ; gain = 0.000 ; free physical = 12318 ; free virtual = 42535
INFO: [Project 1-570] Preparing netlist for logic optimization

Processing XDC Constraints
Initializing timing engine
Parsing XDC File [/home/csl/sky/hls4ml_practice/hls4ml_prj_u55c_new/xclbin_files/_x/link/vivado/vpl/prj/prj.gen/my_rm/bd/ulp/ip/ulp_ulp_cmp_0/bd_1/ip/ip_0/bd_7cf0_axi_jtag_0/bd_7cf0_axi_jtag_0_in_context.xdc] for cell 'inst/axi_jtag'
create_generated_clock: Time (s): cpu = 00:00:05 ; elapsed = 00:00:05 . Memory (MB): peak = 3778.430 ; gain = 0.000 ; free physical = 10757 ; free virtual = 40987
Finished Parsing XDC File [/home/csl/sky/hls4ml_practice/hls4ml_prj_u55c_new/xclbin_files/_x/link/vivado/vpl/prj/prj.gen/my_rm/bd/ulp/ip/ulp_ulp_cmp_0/bd_1/ip/ip_0/bd_7cf0_axi_jtag_0/bd_7cf0_axi_jtag_0_in_context.xdc] for cell 'inst/axi_jtag'
Parsing XDC File [/home/csl/sky/hls4ml_practice/hls4ml_prj_u55c_new/xclbin_files/_x/link/vivado/vpl/prj/prj.gen/my_rm/bd/ulp/ip/ulp_ulp_cmp_0/bd_1/ip/ip_1/bd_7cf0_bsip_0/bd_7cf0_bsip_0_in_context.xdc] for cell 'inst/bsip'
Finished Parsing XDC File [/home/csl/sky/hls4ml_practice/hls4ml_prj_u55c_new/xclbin_files/_x/link/vivado/vpl/prj/prj.gen/my_rm/bd/ulp/ip/ulp_ulp_cmp_0/bd_1/ip/ip_1/bd_7cf0_bsip_0/bd_7cf0_bsip_0_in_context.xdc] for cell 'inst/bsip'
Parsing XDC File [/home/csl/sky/hls4ml_practice/hls4ml_prj_u55c_new/xclbin_files/_x/link/vivado/vpl/prj/prj.gen/my_rm/bd/ulp/ip/ulp_ulp_cmp_0/bd_1/ip/ip_2/bd_7cf0_bs_switch_1_0/bd_7cf0_bs_switch_1_0_in_context.xdc] for cell 'inst/bs_switch_1'
Finished Parsing XDC File [/home/csl/sky/hls4ml_practice/hls4ml_prj_u55c_new/xclbin_files/_x/link/vivado/vpl/prj/prj.gen/my_rm/bd/ulp/ip/ulp_ulp_cmp_0/bd_1/ip/ip_2/bd_7cf0_bs_switch_1_0/bd_7cf0_bs_switch_1_0_in_context.xdc] for cell 'inst/bs_switch_1'
Parsing XDC File [/home/csl/sky/hls4ml_practice/hls4ml_prj_u55c_new/xclbin_files/_x/link/vivado/vpl/prj/prj.gen/my_rm/bd/ulp/ip/ulp_ulp_cmp_0/bd_0/ip/ip_2/bd_097b_user_debug_bridge_0_ooc.xdc] for cell 'inst'
Finished Parsing XDC File [/home/csl/sky/hls4ml_practice/hls4ml_prj_u55c_new/xclbin_files/_x/link/vivado/vpl/prj/prj.gen/my_rm/bd/ulp/ip/ulp_ulp_cmp_0/bd_0/ip/ip_2/bd_097b_user_debug_bridge_0_ooc.xdc] for cell 'inst'
Parsing XDC File [/home/csl/sky/hls4ml_practice/hls4ml_prj_u55c_new/xclbin_files/_x/link/vivado/vpl/prj/prj.runs/bd_097b_user_debug_bridge_0_synth_1/dont_touch.xdc]
Finished Parsing XDC File [/home/csl/sky/hls4ml_practice/hls4ml_prj_u55c_new/xclbin_files/_x/link/vivado/vpl/prj/prj.runs/bd_097b_user_debug_bridge_0_synth_1/dont_touch.xdc]
Completed Processing XDC Constraints

Netlist sorting complete. Time (s): cpu = 00:00:00 ; elapsed = 00:00:00 . Memory (MB): peak = 3778.430 ; gain = 0.000 ; free physical = 10739 ; free virtual = 40969
INFO: [Project 1-111] Unisim Transformation Summary:
No Unisim elements were transformed.

Constraint Validation Runtime : Time (s): cpu = 00:00:00.01 ; elapsed = 00:00:00.02 . Memory (MB): peak = 3778.430 ; gain = 0.000 ; free physical = 10721 ; free virtual = 40951
INFO: [Designutils 20-5008] Incremental synthesis strategy off
---------------------------------------------------------------------------------
Finished Constraint Validation : Time (s): cpu = 00:00:20 ; elapsed = 00:00:21 . Memory (MB): peak = 3778.430 ; gain = 456.172 ; free physical = 8650 ; free virtual = 38886
---------------------------------------------------------------------------------
---------------------------------------------------------------------------------
Start Loading Part and Timing Information
---------------------------------------------------------------------------------
Loading part: xcu55c-fsvh2892-2L-e
INFO: [Synth 8-6742] Reading net delay rules and data
---------------------------------------------------------------------------------
Finished Loading Part and Timing Information : Time (s): cpu = 00:00:20 ; elapsed = 00:00:21 . Memory (MB): peak = 3778.430 ; gain = 456.172 ; free physical = 8649 ; free virtual = 38884
---------------------------------------------------------------------------------
---------------------------------------------------------------------------------
Start Applying 'set_property' XDC Constraints
---------------------------------------------------------------------------------
Applied set_property KEEP_HIERARCHY = SOFT for inst. (constraint file  auto generated constraint).
Applied set_property KEEP_HIERARCHY = SOFT for inst/axi_jtag. (constraint file  auto generated constraint).
Applied set_property KEEP_HIERARCHY = SOFT for inst/bsip. (constraint file  auto generated constraint).
Applied set_property KEEP_HIERARCHY = SOFT for inst/bs_switch_1. (constraint file  auto generated constraint).
---------------------------------------------------------------------------------
Finished applying 'set_property' XDC Constraints : Time (s): cpu = 00:00:20 ; elapsed = 00:00:21 . Memory (MB): peak = 3778.430 ; gain = 456.172 ; free physical = 8639 ; free virtual = 38875
---------------------------------------------------------------------------------
---------------------------------------------------------------------------------
Finished RTL Optimization Phase 2 : Time (s): cpu = 00:00:20 ; elapsed = 00:00:21 . Memory (MB): peak = 3778.430 ; gain = 456.172 ; free physical = 8618 ; free virtual = 38854
---------------------------------------------------------------------------------
---------------------------------------------------------------------------------
Start RTL Component Statistics 
---------------------------------------------------------------------------------
Detailed RTL Component Info : 
---------------------------------------------------------------------------------
Finished RTL Component Statistics 
---------------------------------------------------------------------------------
---------------------------------------------------------------------------------
Start Part Resource Summary
---------------------------------------------------------------------------------
Part Resources:
DSPs: 9024 (col length:94)
BRAMs: 4032 (col length: RAMB18 288 RAMB36 144)
---------------------------------------------------------------------------------
Finished Part Resource Summary
---------------------------------------------------------------------------------
---------------------------------------------------------------------------------
Start Cross Boundary and Area Optimization
---------------------------------------------------------------------------------
WARNING: [Synth 8-7080] Parallel synthesis criteria is not met
---------------------------------------------------------------------------------
Finished Cross Boundary and Area Optimization : Time (s): cpu = 00:00:22 ; elapsed = 00:00:23 . Memory (MB): peak = 3778.430 ; gain = 456.172 ; free physical = 8093 ; free virtual = 38333
---------------------------------------------------------------------------------
---------------------------------------------------------------------------------
Start Applying XDC Timing Constraints
---------------------------------------------------------------------------------
---------------------------------------------------------------------------------
Finished Applying XDC Timing Constraints : Time (s): cpu = 00:00:35 ; elapsed = 00:00:38 . Memory (MB): peak = 4121.438 ; gain = 799.180 ; free physical = 6587 ; free virtual = 36854
---------------------------------------------------------------------------------
---------------------------------------------------------------------------------
Start Timing Optimization
---------------------------------------------------------------------------------
---------------------------------------------------------------------------------
Finished Timing Optimization : Time (s): cpu = 00:00:35 ; elapsed = 00:00:38 . Memory (MB): peak = 4121.438 ; gain = 799.180 ; free physical = 6587 ; free virtual = 36854
---------------------------------------------------------------------------------
---------------------------------------------------------------------------------
Start Technology Mapping
---------------------------------------------------------------------------------
---------------------------------------------------------------------------------
Finished Technology Mapping : Time (s): cpu = 00:00:35 ; elapsed = 00:00:38 . Memory (MB): peak = 4140.469 ; gain = 818.211 ; free physical = 6578 ; free virtual = 36845
---------------------------------------------------------------------------------
---------------------------------------------------------------------------------
Start IO Insertion
---------------------------------------------------------------------------------
---------------------------------------------------------------------------------
Start Flattening Before IO Insertion
---------------------------------------------------------------------------------
---------------------------------------------------------------------------------
Finished Flattening Before IO Insertion
---------------------------------------------------------------------------------
---------------------------------------------------------------------------------
Start Final Netlist Cleanup
---------------------------------------------------------------------------------
---------------------------------------------------------------------------------
Finished Final Netlist Cleanup
---------------------------------------------------------------------------------
---------------------------------------------------------------------------------
Finished IO Insertion : Time (s): cpu = 00:00:40 ; elapsed = 00:00:43 . Memory (MB): peak = 4146.406 ; gain = 824.148 ; free physical = 6547 ; free virtual = 36809
---------------------------------------------------------------------------------
---------------------------------------------------------------------------------
Start Renaming Generated Instances
---------------------------------------------------------------------------------
---------------------------------------------------------------------------------
Finished Renaming Generated Instances : Time (s): cpu = 00:00:40 ; elapsed = 00:00:43 . Memory (MB): peak = 4146.406 ; gain = 824.148 ; free physical = 6547 ; free virtual = 36809
---------------------------------------------------------------------------------
---------------------------------------------------------------------------------
Start Rebuilding User Hierarchy
---------------------------------------------------------------------------------
---------------------------------------------------------------------------------
Finished Rebuilding User Hierarchy : Time (s): cpu = 00:00:40 ; elapsed = 00:00:43 . Memory (MB): peak = 4146.406 ; gain = 824.148 ; free physical = 6547 ; free virtual = 36809
---------------------------------------------------------------------------------
---------------------------------------------------------------------------------
Start Renaming Generated Ports
---------------------------------------------------------------------------------
---------------------------------------------------------------------------------
Finished Renaming Generated Ports : Time (s): cpu = 00:00:40 ; elapsed = 00:00:43 . Memory (MB): peak = 4146.406 ; gain = 824.148 ; free physical = 6547 ; free virtual = 36809
---------------------------------------------------------------------------------
---------------------------------------------------------------------------------
Start Handling Custom Attributes
---------------------------------------------------------------------------------
---------------------------------------------------------------------------------
Finished Handling Custom Attributes : Time (s): cpu = 00:00:40 ; elapsed = 00:00:43 . Memory (MB): peak = 4146.406 ; gain = 824.148 ; free physical = 6547 ; free virtual = 36809
---------------------------------------------------------------------------------
---------------------------------------------------------------------------------
Start Renaming Generated Nets
---------------------------------------------------------------------------------
---------------------------------------------------------------------------------
Finished Renaming Generated Nets : Time (s): cpu = 00:00:40 ; elapsed = 00:00:43 . Memory (MB): peak = 4146.406 ; gain = 824.148 ; free physical = 6547 ; free virtual = 36809
---------------------------------------------------------------------------------
---------------------------------------------------------------------------------
Start Writing Synthesis Report
---------------------------------------------------------------------------------

Report BlackBoxes: 
+------+----------------------+----------+
|      |BlackBox name         |Instances |
+------+----------------------+----------+
|1     |bd_7cf0_axi_jtag_0    |         1|
|2     |bd_7cf0_bs_switch_1_0 |         1|
|3     |bd_7cf0_bsip_0        |         1|
+------+----------------------+----------+

Report Cell Usage: 
+------+--------------------+------+
|      |Cell                |Count |
+------+--------------------+------+
|1     |bd_7cf0_axi_jtag    |     1|
|2     |bd_7cf0_bs_switch_1 |     1|
|3     |bd_7cf0_bsip        |     1|
+------+--------------------+------+
---------------------------------------------------------------------------------
Finished Writing Synthesis Report : Time (s): cpu = 00:00:40 ; elapsed = 00:00:43 . Memory (MB): peak = 4146.406 ; gain = 824.148 ; free physical = 6547 ; free virtual = 36809
---------------------------------------------------------------------------------
Synthesis finished with 0 errors, 0 critical warnings and 1 warnings.
Synthesis Optimization Runtime : Time (s): cpu = 00:00:32 ; elapsed = 00:00:36 . Memory (MB): peak = 4146.406 ; gain = 788.523 ; free physical = 6585 ; free virtual = 36847
Synthesis Optimization Complete : Time (s): cpu = 00:00:40 ; elapsed = 00:00:43 . Memory (MB): peak = 4146.414 ; gain = 824.148 ; free physical = 6584 ; free virtual = 36846
INFO: [Project 1-571] Translating synthesized netlist
Netlist sorting complete. Time (s): cpu = 00:00:00 ; elapsed = 00:00:00 . Memory (MB): peak = 4146.414 ; gain = 0.000 ; free physical = 6568 ; free virtual = 36830
INFO: [Project 1-570] Preparing netlist for logic optimization
INFO: [Opt 31-138] Pushed 0 inverter(s) to 0 load pin(s).
Netlist sorting complete. Time (s): cpu = 00:00:00 ; elapsed = 00:00:00 . Memory (MB): peak = 4224.727 ; gain = 0.000 ; free physical = 6729 ; free virtual = 36996
INFO: [Project 1-111] Unisim Transformation Summary:
No Unisim elements were transformed.

Synth Design complete, checksum: 2ca306ae
INFO: [Common 17-83] Releasing license: Synthesis
31 Infos, 8 Warnings, 0 Critical Warnings and 0 Errors encountered.
synth_design completed successfully
synth_design: Time (s): cpu = 00:00:57 ; elapsed = 00:00:57 . Memory (MB): peak = 4236.695 ; gain = 1323.766 ; free physical = 6916 ; free virtual = 37184
INFO: [Common 17-600] The following parameters have non-default value.
general.maxThreads
INFO: [Common 17-1381] The checkpoint '/home/csl/sky/hls4ml_practice/hls4ml_prj_u55c_new/xclbin_files/_x/link/vivado/vpl/prj/prj.runs/bd_097b_user_debug_bridge_0_synth_1/bd_097b_user_debug_bridge_0.dcp' has been generated.
INFO: [Coretcl 2-1648] Added synthesis output to IP cache for IP bd_097b_user_debug_bridge_0, cache-ID = f7d08e6699dfc224
INFO: [Coretcl 2-1174] Renamed 4 cell refs.
INFO: [Common 17-1381] The checkpoint '/home/csl/sky/hls4ml_practice/hls4ml_prj_u55c_new/xclbin_files/_x/link/vivado/vpl/prj/prj.runs/bd_097b_user_debug_bridge_0_synth_1/bd_097b_user_debug_bridge_0.dcp' has been generated.
INFO: [runtcl-4] Executing : report_utilization -file bd_097b_user_debug_bridge_0_utilization_synth.rpt -pb bd_097b_user_debug_bridge_0_utilization_synth.pb
INFO: [Common 17-206] Exiting Vivado at Wed Apr 16 07:31:31 2025...
