
*** Running vivado
    with args -log bd_58f6_lut_buffer_0.vds -m64 -product Vivado -mode batch -messageDb vivado.pb -notrace -source bd_58f6_lut_buffer_0.tcl


****** Vivado v2022.1 (64-bit)
  **** SW Build 3526262 on Mon Apr 18 15:47:01 MDT 2022
  **** IP Build 3524634 on Mon Apr 18 20:55:01 MDT 2022
    ** Copyright 1986-2022 Xilinx, Inc. All Rights Reserved.

source bd_58f6_lut_buffer_0.tcl -notrace
INFO: Dispatch client connection id - 35001
INFO: [IP_Flow 19-234] Refreshing IP repositories
INFO: [IP_Flow 19-1700] Loaded user IP repository '/home/csl/sky/hls4ml_practice/hls4ml_prj_u55c_new/myproject_prj/solution1/impl/ip'.
INFO: [IP_Flow 19-1700] Loaded user IP repository '/home/csl/sky/hls4ml_practice/hls4ml_prj_u55c_new/xclbin_files/_x/link/int/xo/ip_repo/xilinx_com_hls_myproject_1_0'.
INFO: [IP_Flow 19-1700] Loaded user IP repository '/home/csl/sky/hls4ml_practice/hls4ml_prj_u55c_new/xclbin_files/_x/link/vivado/vpl/.local/hw_platform/iprepo'.
INFO: [IP_Flow 19-1700] Loaded user IP repository '/home/csl/sky/hls4ml_practice/hls4ml_prj_u55c_new/xclbin_files/_x/link/vivado/vpl/.local/hw_platform/ipcache'.
INFO: [IP_Flow 19-1700] Loaded user IP repository '/home/Xilinx/Vitis/2022.1/data/ip'.
INFO: [IP_Flow 19-2313] Loaded Vivado IP repository '/home/Xilinx/Vivado/2022.1/data/ip'.
WARNING: [IP_Flow 19-1663] Duplicate IP found for 'xilinx.com:hls:myproject:1.0'. The one found in IP location '/home/csl/sky/hls4ml_practice/hls4ml_prj_u55c_new/xclbin_files/_x/link/int/xo/ip_repo/xilinx_com_hls_myproject_1_0' will take precedence over the same IP in location /home/csl/sky/hls4ml_practice/hls4ml_prj_u55c_new/myproject_prj/solution1/impl/ip
WARNING: [IP_Flow 19-1663] Duplicate IP found for 'xilinx.com:ip:clk_metadata_adapter:1.0'. The one found in IP location '/home/csl/sky/hls4ml_practice/hls4ml_prj_u55c_new/xclbin_files/_x/link/vivado/vpl/.local/hw_platform/iprepo/ipdefs/pxi_ii_infra/clk_metadata_adapter_v1_0' will take precedence over the same IP in location /home/csl/sky/hls4ml_practice/hls4ml_prj_u55c_new/xclbin_files/_x/link/vivado/vpl/.local/hw_platform/iprepo/ipdefs/other_ipdefs/clk_metadata_adapter_v1_0
WARNING: [IP_Flow 19-1663] Duplicate IP found for 'xilinx.com:ip:pipeline_reg:1.0'. The one found in IP location '/home/csl/sky/hls4ml_practice/hls4ml_prj_u55c_new/xclbin_files/_x/link/vivado/vpl/.local/hw_platform/iprepo/ipdefs/pxi_ii_infra/pipeline_reg_v1_0' will take precedence over the same IP in location /home/csl/sky/hls4ml_practice/hls4ml_prj_u55c_new/xclbin_files/_x/link/vivado/vpl/.local/hw_platform/iprepo/ipdefs/other_ipdefs/pipeline_reg_v1_0
WARNING: [IP_Flow 19-1663] Duplicate IP found for 'xilinx.com:ip:shell_utils_build_info:1.0'. The one found in IP location '/home/csl/sky/hls4ml_practice/hls4ml_prj_u55c_new/xclbin_files/_x/link/vivado/vpl/.local/hw_platform/iprepo/ipdefs/other_ipdefs/shell_utils_build_info_v1_0' will take precedence over the same IP in the Xilinx installed IP.
WARNING: [IP_Flow 19-1663] Duplicate IP found for 'xilinx.com:ip:axi_clk_metadata_adapter:1.0'. The one found in IP location '/home/csl/sky/hls4ml_practice/hls4ml_prj_u55c_new/xclbin_files/_x/link/vivado/vpl/.local/hw_platform/iprepo/ipdefs/other_ipdefs/axi_clk_metadata_adapter_v1_0' will take precedence over the same IP in location /home/csl/sky/hls4ml_practice/hls4ml_prj_u55c_new/xclbin_files/_x/link/vivado/vpl/.local/hw_platform/iprepo/ipdefs/pxi_ii_infra/axi_clk_metadata_adapter_v1_0
WARNING: [IP_Flow 19-1663] Duplicate IP found for 'xilinx.com:ip:axis_clk_metadata_adapter:1.0'. The one found in IP location '/home/csl/sky/hls4ml_practice/hls4ml_prj_u55c_new/xclbin_files/_x/link/vivado/vpl/.local/hw_platform/iprepo/ipdefs/other_ipdefs/axis_clk_metadata_adapter_v1_0' will take precedence over the same IP in location /home/csl/sky/hls4ml_practice/hls4ml_prj_u55c_new/xclbin_files/_x/link/vivado/vpl/.local/hw_platform/iprepo/ipdefs/pxi_ii_infra/axis_clk_metadata_adapter_v1_0
Command: synth_design -top bd_58f6_lut_buffer_0 -part xcu55c-fsvh2892-2L-e -incremental_mode off -mode out_of_context
Starting synth_design
Attempting to get a license for feature 'Synthesis' and/or device 'xcu55c'
INFO: [Common 17-349] Got license for feature 'Synthesis' and/or device 'xcu55c'
INFO: [Device 21-403] Loading part xcu55c-fsvh2892-2L-e
INFO: [Synth 8-7079] Multithreading enabled for synth_design using a maximum of 1 processes.
INFO: [Synth 8-7078] Launching helper process for spawning children vivado processes
INFO: [Synth 8-7075] Helper process launched with PID 555324
WARNING: [Synth 8-9501] generate block is allowed only inside loop and conditional generate in SystemVerilog mode [/home/Xilinx/Vivado/2022.1/data/ip/xpm/xpm_fifo/hdl/xpm_fifo.sv:4023]
---------------------------------------------------------------------------------
Starting RTL Elaboration : Time (s): cpu = 00:00:05 ; elapsed = 00:00:06 . Memory (MB): peak = 3657.051 ; gain = 338.797 ; free physical = 311 ; free virtual = 30738
---------------------------------------------------------------------------------
INFO: [Synth 8-6157] synthesizing module 'bd_58f6_lut_buffer_0' [/home/csl/sky/hls4ml_practice/hls4ml_prj_u55c_new/xclbin_files/_x/link/vivado/vpl/prj/prj.gen/my_rm/bd/ulp/ip/ulp_ulp_cmp_0/bd_2/ip/ip_1/synth/bd_58f6_lut_buffer_0.v:53]
INFO: [Synth 8-6157] synthesizing module 'LUT1' [/home/Xilinx/Vivado/2022.1/scripts/rt/data/unisim_comp.v:62648]
INFO: [Synth 8-6155] done synthesizing module 'LUT1' (0#1) [/home/Xilinx/Vivado/2022.1/scripts/rt/data/unisim_comp.v:62648]
INFO: [Synth 8-6155] done synthesizing module 'bd_58f6_lut_buffer_0' (0#1) [/home/csl/sky/hls4ml_practice/hls4ml_prj_u55c_new/xclbin_files/_x/link/vivado/vpl/prj/prj.gen/my_rm/bd/ulp/ip/ulp_ulp_cmp_0/bd_2/ip/ip_1/synth/bd_58f6_lut_buffer_0.v:53]
WARNING: [Synth 8-7129] Port bscanid_i[31] in module lut_buffer_v2_0_0_lut_buffer is either unconnected or has no load
WARNING: [Synth 8-7129] Port bscanid_i[30] in module lut_buffer_v2_0_0_lut_buffer is either unconnected or has no load
WARNING: [Synth 8-7129] Port bscanid_i[29] in module lut_buffer_v2_0_0_lut_buffer is either unconnected or has no load
WARNING: [Synth 8-7129] Port bscanid_i[28] in module lut_buffer_v2_0_0_lut_buffer is either unconnected or has no load
WARNING: [Synth 8-7129] Port bscanid_i[27] in module lut_buffer_v2_0_0_lut_buffer is either unconnected or has no load
WARNING: [Synth 8-7129] Port bscanid_i[26] in module lut_buffer_v2_0_0_lut_buffer is either unconnected or has no load
WARNING: [Synth 8-7129] Port bscanid_i[25] in module lut_buffer_v2_0_0_lut_buffer is either unconnected or has no load
WARNING: [Synth 8-7129] Port bscanid_i[24] in module lut_buffer_v2_0_0_lut_buffer is either unconnected or has no load
WARNING: [Synth 8-7129] Port bscanid_i[23] in module lut_buffer_v2_0_0_lut_buffer is either unconnected or has no load
WARNING: [Synth 8-7129] Port bscanid_i[22] in module lut_buffer_v2_0_0_lut_buffer is either unconnected or has no load
WARNING: [Synth 8-7129] Port bscanid_i[21] in module lut_buffer_v2_0_0_lut_buffer is either unconnected or has no load
WARNING: [Synth 8-7129] Port bscanid_i[20] in module lut_buffer_v2_0_0_lut_buffer is either unconnected or has no load
WARNING: [Synth 8-7129] Port bscanid_i[19] in module lut_buffer_v2_0_0_lut_buffer is either unconnected or has no load
WARNING: [Synth 8-7129] Port bscanid_i[18] in module lut_buffer_v2_0_0_lut_buffer is either unconnected or has no load
WARNING: [Synth 8-7129] Port bscanid_i[17] in module lut_buffer_v2_0_0_lut_buffer is either unconnected or has no load
WARNING: [Synth 8-7129] Port bscanid_i[16] in module lut_buffer_v2_0_0_lut_buffer is either unconnected or has no load
WARNING: [Synth 8-7129] Port bscanid_i[15] in module lut_buffer_v2_0_0_lut_buffer is either unconnected or has no load
WARNING: [Synth 8-7129] Port bscanid_i[14] in module lut_buffer_v2_0_0_lut_buffer is either unconnected or has no load
WARNING: [Synth 8-7129] Port bscanid_i[13] in module lut_buffer_v2_0_0_lut_buffer is either unconnected or has no load
WARNING: [Synth 8-7129] Port bscanid_i[12] in module lut_buffer_v2_0_0_lut_buffer is either unconnected or has no load
WARNING: [Synth 8-7129] Port bscanid_i[11] in module lut_buffer_v2_0_0_lut_buffer is either unconnected or has no load
WARNING: [Synth 8-7129] Port bscanid_i[10] in module lut_buffer_v2_0_0_lut_buffer is either unconnected or has no load
WARNING: [Synth 8-7129] Port bscanid_i[9] in module lut_buffer_v2_0_0_lut_buffer is either unconnected or has no load
WARNING: [Synth 8-7129] Port bscanid_i[8] in module lut_buffer_v2_0_0_lut_buffer is either unconnected or has no load
WARNING: [Synth 8-7129] Port bscanid_i[7] in module lut_buffer_v2_0_0_lut_buffer is either unconnected or has no load
WARNING: [Synth 8-7129] Port bscanid_i[6] in module lut_buffer_v2_0_0_lut_buffer is either unconnected or has no load
WARNING: [Synth 8-7129] Port bscanid_i[5] in module lut_buffer_v2_0_0_lut_buffer is either unconnected or has no load
WARNING: [Synth 8-7129] Port bscanid_i[4] in module lut_buffer_v2_0_0_lut_buffer is either unconnected or has no load
WARNING: [Synth 8-7129] Port bscanid_i[3] in module lut_buffer_v2_0_0_lut_buffer is either unconnected or has no load
WARNING: [Synth 8-7129] Port bscanid_i[2] in module lut_buffer_v2_0_0_lut_buffer is either unconnected or has no load
WARNING: [Synth 8-7129] Port bscanid_i[1] in module lut_buffer_v2_0_0_lut_buffer is either unconnected or has no load
WARNING: [Synth 8-7129] Port bscanid_i[0] in module lut_buffer_v2_0_0_lut_buffer is either unconnected or has no load
---------------------------------------------------------------------------------
Finished RTL Elaboration : Time (s): cpu = 00:00:07 ; elapsed = 00:00:08 . Memory (MB): peak = 3721.988 ; gain = 403.734 ; free physical = 7385 ; free virtual = 37549
---------------------------------------------------------------------------------
---------------------------------------------------------------------------------
Start Handling Custom Attributes
---------------------------------------------------------------------------------
---------------------------------------------------------------------------------
Finished Handling Custom Attributes : Time (s): cpu = 00:00:07 ; elapsed = 00:00:08 . Memory (MB): peak = 3739.801 ; gain = 421.547 ; free physical = 7390 ; free virtual = 37554
---------------------------------------------------------------------------------
---------------------------------------------------------------------------------
Finished RTL Optimization Phase 1 : Time (s): cpu = 00:00:07 ; elapsed = 00:00:08 . Memory (MB): peak = 3739.801 ; gain = 421.547 ; free physical = 7390 ; free virtual = 37554
---------------------------------------------------------------------------------
Netlist sorting complete. Time (s): cpu = 00:00:00 ; elapsed = 00:00:00 . Memory (MB): peak = 3749.707 ; gain = 0.000 ; free physical = 7363 ; free virtual = 37527
INFO: [Project 1-570] Preparing netlist for logic optimization

Processing XDC Constraints
Initializing timing engine
Completed Processing XDC Constraints

Netlist sorting complete. Time (s): cpu = 00:00:00 ; elapsed = 00:00:00 . Memory (MB): peak = 3769.520 ; gain = 0.000 ; free physical = 8252 ; free virtual = 38418
INFO: [Project 1-111] Unisim Transformation Summary:
No Unisim elements were transformed.

Constraint Validation Runtime : Time (s): cpu = 00:00:00.01 ; elapsed = 00:00:00.01 . Memory (MB): peak = 3780.426 ; gain = 10.906 ; free physical = 8248 ; free virtual = 38414
INFO: [Designutils 20-5008] Incremental synthesis strategy off
---------------------------------------------------------------------------------
Finished Constraint Validation : Time (s): cpu = 00:00:15 ; elapsed = 00:00:17 . Memory (MB): peak = 3780.426 ; gain = 462.172 ; free physical = 8366 ; free virtual = 38533
---------------------------------------------------------------------------------
---------------------------------------------------------------------------------
Start Loading Part and Timing Information
---------------------------------------------------------------------------------
Loading part: xcu55c-fsvh2892-2L-e
INFO: [Synth 8-6742] Reading net delay rules and data
---------------------------------------------------------------------------------
Finished Loading Part and Timing Information : Time (s): cpu = 00:00:15 ; elapsed = 00:00:17 . Memory (MB): peak = 3780.426 ; gain = 462.172 ; free physical = 8366 ; free virtual = 38533
---------------------------------------------------------------------------------
---------------------------------------------------------------------------------
Start Applying 'set_property' XDC Constraints
---------------------------------------------------------------------------------
---------------------------------------------------------------------------------
Finished applying 'set_property' XDC Constraints : Time (s): cpu = 00:00:15 ; elapsed = 00:00:17 . Memory (MB): peak = 3780.426 ; gain = 462.172 ; free physical = 8365 ; free virtual = 38533
---------------------------------------------------------------------------------
---------------------------------------------------------------------------------
Finished RTL Optimization Phase 2 : Time (s): cpu = 00:00:16 ; elapsed = 00:00:17 . Memory (MB): peak = 3780.426 ; gain = 462.172 ; free physical = 8502 ; free virtual = 38670
---------------------------------------------------------------------------------
---------------------------------------------------------------------------------
Start RTL Component Statistics 
---------------------------------------------------------------------------------
Detailed RTL Component Info : 
---------------------------------------------------------------------------------
Finished RTL Component Statistics 
---------------------------------------------------------------------------------
---------------------------------------------------------------------------------
Start Part Resource Summary
---------------------------------------------------------------------------------
Part Resources:
DSPs: 9024 (col length:94)
BRAMs: 4032 (col length: RAMB18 288 RAMB36 144)
---------------------------------------------------------------------------------
Finished Part Resource Summary
---------------------------------------------------------------------------------
---------------------------------------------------------------------------------
Start Cross Boundary and Area Optimization
---------------------------------------------------------------------------------
WARNING: [Synth 8-7080] Parallel synthesis criteria is not met
WARNING: [Synth 8-7129] Port bscanid_i[31] in module lut_buffer_v2_0_0_lut_buffer is either unconnected or has no load
WARNING: [Synth 8-7129] Port bscanid_i[30] in module lut_buffer_v2_0_0_lut_buffer is either unconnected or has no load
WARNING: [Synth 8-7129] Port bscanid_i[29] in module lut_buffer_v2_0_0_lut_buffer is either unconnected or has no load
WARNING: [Synth 8-7129] Port bscanid_i[28] in module lut_buffer_v2_0_0_lut_buffer is either unconnected or has no load
WARNING: [Synth 8-7129] Port bscanid_i[27] in module lut_buffer_v2_0_0_lut_buffer is either unconnected or has no load
WARNING: [Synth 8-7129] Port bscanid_i[26] in module lut_buffer_v2_0_0_lut_buffer is either unconnected or has no load
WARNING: [Synth 8-7129] Port bscanid_i[25] in module lut_buffer_v2_0_0_lut_buffer is either unconnected or has no load
WARNING: [Synth 8-7129] Port bscanid_i[24] in module lut_buffer_v2_0_0_lut_buffer is either unconnected or has no load
WARNING: [Synth 8-7129] Port bscanid_i[23] in module lut_buffer_v2_0_0_lut_buffer is either unconnected or has no load
WARNING: [Synth 8-7129] Port bscanid_i[22] in module lut_buffer_v2_0_0_lut_buffer is either unconnected or has no load
WARNING: [Synth 8-7129] Port bscanid_i[21] in module lut_buffer_v2_0_0_lut_buffer is either unconnected or has no load
WARNING: [Synth 8-7129] Port bscanid_i[20] in module lut_buffer_v2_0_0_lut_buffer is either unconnected or has no load
WARNING: [Synth 8-7129] Port bscanid_i[19] in module lut_buffer_v2_0_0_lut_buffer is either unconnected or has no load
WARNING: [Synth 8-7129] Port bscanid_i[18] in module lut_buffer_v2_0_0_lut_buffer is either unconnected or has no load
WARNING: [Synth 8-7129] Port bscanid_i[17] in module lut_buffer_v2_0_0_lut_buffer is either unconnected or has no load
WARNING: [Synth 8-7129] Port bscanid_i[16] in module lut_buffer_v2_0_0_lut_buffer is either unconnected or has no load
WARNING: [Synth 8-7129] Port bscanid_i[15] in module lut_buffer_v2_0_0_lut_buffer is either unconnected or has no load
WARNING: [Synth 8-7129] Port bscanid_i[14] in module lut_buffer_v2_0_0_lut_buffer is either unconnected or has no load
WARNING: [Synth 8-7129] Port bscanid_i[13] in module lut_buffer_v2_0_0_lut_buffer is either unconnected or has no load
WARNING: [Synth 8-7129] Port bscanid_i[12] in module lut_buffer_v2_0_0_lut_buffer is either unconnected or has no load
WARNING: [Synth 8-7129] Port bscanid_i[11] in module lut_buffer_v2_0_0_lut_buffer is either unconnected or has no load
WARNING: [Synth 8-7129] Port bscanid_i[10] in module lut_buffer_v2_0_0_lut_buffer is either unconnected or has no load
WARNING: [Synth 8-7129] Port bscanid_i[9] in module lut_buffer_v2_0_0_lut_buffer is either unconnected or has no load
WARNING: [Synth 8-7129] Port bscanid_i[8] in module lut_buffer_v2_0_0_lut_buffer is either unconnected or has no load
WARNING: [Synth 8-7129] Port bscanid_i[7] in module lut_buffer_v2_0_0_lut_buffer is either unconnected or has no load
WARNING: [Synth 8-7129] Port bscanid_i[6] in module lut_buffer_v2_0_0_lut_buffer is either unconnected or has no load
WARNING: [Synth 8-7129] Port bscanid_i[5] in module lut_buffer_v2_0_0_lut_buffer is either unconnected or has no load
WARNING: [Synth 8-7129] Port bscanid_i[4] in module lut_buffer_v2_0_0_lut_buffer is either unconnected or has no load
WARNING: [Synth 8-7129] Port bscanid_i[3] in module lut_buffer_v2_0_0_lut_buffer is either unconnected or has no load
WARNING: [Synth 8-7129] Port bscanid_i[2] in module lut_buffer_v2_0_0_lut_buffer is either unconnected or has no load
WARNING: [Synth 8-7129] Port bscanid_i[1] in module lut_buffer_v2_0_0_lut_buffer is either unconnected or has no load
WARNING: [Synth 8-7129] Port bscanid_i[0] in module lut_buffer_v2_0_0_lut_buffer is either unconnected or has no load
---------------------------------------------------------------------------------
Finished Cross Boundary and Area Optimization : Time (s): cpu = 00:00:17 ; elapsed = 00:00:18 . Memory (MB): peak = 3780.426 ; gain = 462.172 ; free physical = 8472 ; free virtual = 38648
---------------------------------------------------------------------------------
---------------------------------------------------------------------------------
Start Applying XDC Timing Constraints
---------------------------------------------------------------------------------
---------------------------------------------------------------------------------
Finished Applying XDC Timing Constraints : Time (s): cpu = 00:00:30 ; elapsed = 00:00:34 . Memory (MB): peak = 4108.059 ; gain = 789.805 ; free physical = 6619 ; free virtual = 36836
---------------------------------------------------------------------------------
---------------------------------------------------------------------------------
Start Timing Optimization
---------------------------------------------------------------------------------
---------------------------------------------------------------------------------
Finished Timing Optimization : Time (s): cpu = 00:00:30 ; elapsed = 00:00:34 . Memory (MB): peak = 4108.059 ; gain = 789.805 ; free physical = 6618 ; free virtual = 36835
---------------------------------------------------------------------------------
---------------------------------------------------------------------------------
Start Technology Mapping
---------------------------------------------------------------------------------
---------------------------------------------------------------------------------
Finished Technology Mapping : Time (s): cpu = 00:00:30 ; elapsed = 00:00:34 . Memory (MB): peak = 4127.090 ; gain = 808.836 ; free physical = 6606 ; free virtual = 36823
---------------------------------------------------------------------------------
---------------------------------------------------------------------------------
Start IO Insertion
---------------------------------------------------------------------------------
---------------------------------------------------------------------------------
Start Flattening Before IO Insertion
---------------------------------------------------------------------------------
---------------------------------------------------------------------------------
Finished Flattening Before IO Insertion
---------------------------------------------------------------------------------
---------------------------------------------------------------------------------
Start Final Netlist Cleanup
---------------------------------------------------------------------------------
---------------------------------------------------------------------------------
Finished Final Netlist Cleanup
---------------------------------------------------------------------------------
---------------------------------------------------------------------------------
Finished IO Insertion : Time (s): cpu = 00:00:35 ; elapsed = 00:00:39 . Memory (MB): peak = 4133.027 ; gain = 814.773 ; free physical = 5277 ; free virtual = 35495
---------------------------------------------------------------------------------
---------------------------------------------------------------------------------
Start Renaming Generated Instances
---------------------------------------------------------------------------------
---------------------------------------------------------------------------------
Finished Renaming Generated Instances : Time (s): cpu = 00:00:35 ; elapsed = 00:00:39 . Memory (MB): peak = 4133.027 ; gain = 814.773 ; free physical = 5277 ; free virtual = 35495
---------------------------------------------------------------------------------
---------------------------------------------------------------------------------
Start Rebuilding User Hierarchy
---------------------------------------------------------------------------------
---------------------------------------------------------------------------------
Finished Rebuilding User Hierarchy : Time (s): cpu = 00:00:35 ; elapsed = 00:00:39 . Memory (MB): peak = 4133.027 ; gain = 814.773 ; free physical = 5275 ; free virtual = 35493
---------------------------------------------------------------------------------
---------------------------------------------------------------------------------
Start Renaming Generated Ports
---------------------------------------------------------------------------------
---------------------------------------------------------------------------------
Finished Renaming Generated Ports : Time (s): cpu = 00:00:35 ; elapsed = 00:00:39 . Memory (MB): peak = 4133.027 ; gain = 814.773 ; free physical = 5274 ; free virtual = 35492
---------------------------------------------------------------------------------
---------------------------------------------------------------------------------
Start Handling Custom Attributes
---------------------------------------------------------------------------------
---------------------------------------------------------------------------------
Finished Handling Custom Attributes : Time (s): cpu = 00:00:35 ; elapsed = 00:00:39 . Memory (MB): peak = 4133.027 ; gain = 814.773 ; free physical = 5274 ; free virtual = 35491
---------------------------------------------------------------------------------
---------------------------------------------------------------------------------
Start Renaming Generated Nets
---------------------------------------------------------------------------------
---------------------------------------------------------------------------------
Finished Renaming Generated Nets : Time (s): cpu = 00:00:35 ; elapsed = 00:00:39 . Memory (MB): peak = 4133.027 ; gain = 814.773 ; free physical = 5274 ; free virtual = 35491
---------------------------------------------------------------------------------
---------------------------------------------------------------------------------
Start Writing Synthesis Report
---------------------------------------------------------------------------------

Report BlackBoxes: 
+-+--------------+----------+
| |BlackBox name |Instances |
+-+--------------+----------+
+-+--------------+----------+

Report Cell Usage: 
+------+-----+------+
|      |Cell |Count |
+------+-----+------+
|1     |LUT1 |     1|
+------+-----+------+
---------------------------------------------------------------------------------
Finished Writing Synthesis Report : Time (s): cpu = 00:00:35 ; elapsed = 00:00:39 . Memory (MB): peak = 4133.027 ; gain = 814.773 ; free physical = 5273 ; free virtual = 35490
---------------------------------------------------------------------------------
Synthesis finished with 0 errors, 0 critical warnings and 33 warnings.
Synthesis Optimization Runtime : Time (s): cpu = 00:00:33 ; elapsed = 00:00:36 . Memory (MB): peak = 4133.027 ; gain = 774.148 ; free physical = 5300 ; free virtual = 35517
Synthesis Optimization Complete : Time (s): cpu = 00:00:35 ; elapsed = 00:00:39 . Memory (MB): peak = 4133.035 ; gain = 814.773 ; free physical = 5299 ; free virtual = 35516
INFO: [Project 1-571] Translating synthesized netlist
Netlist sorting complete. Time (s): cpu = 00:00:00 ; elapsed = 00:00:00 . Memory (MB): peak = 4133.035 ; gain = 0.000 ; free physical = 5290 ; free virtual = 35508
INFO: [Project 1-570] Preparing netlist for logic optimization
INFO: [Opt 31-138] Pushed 0 inverter(s) to 0 load pin(s).
Netlist sorting complete. Time (s): cpu = 00:00:00 ; elapsed = 00:00:00 . Memory (MB): peak = 4210.379 ; gain = 0.000 ; free physical = 5094 ; free virtual = 35311
INFO: [Project 1-111] Unisim Transformation Summary:
No Unisim elements were transformed.

Synth Design complete, checksum: f908c3b5
INFO: [Common 17-83] Releasing license: Synthesis
25 Infos, 72 Warnings, 0 Critical Warnings and 0 Errors encountered.
synth_design completed successfully
synth_design: Time (s): cpu = 00:00:53 ; elapsed = 00:00:53 . Memory (MB): peak = 4210.379 ; gain = 1297.453 ; free physical = 5344 ; free virtual = 35561
INFO: [Common 17-600] The following parameters have non-default value.
general.maxThreads
INFO: [Common 17-1381] The checkpoint '/home/csl/sky/hls4ml_practice/hls4ml_prj_u55c_new/xclbin_files/_x/link/vivado/vpl/prj/prj.runs/bd_58f6_lut_buffer_0_synth_1/bd_58f6_lut_buffer_0.dcp' has been generated.
INFO: [Coretcl 2-1648] Added synthesis output to IP cache for IP bd_58f6_lut_buffer_0, cache-ID = 05423897d65e3b3f
INFO: [Common 17-1381] The checkpoint '/home/csl/sky/hls4ml_practice/hls4ml_prj_u55c_new/xclbin_files/_x/link/vivado/vpl/prj/prj.runs/bd_58f6_lut_buffer_0_synth_1/bd_58f6_lut_buffer_0.dcp' has been generated.
INFO: [runtcl-4] Executing : report_utilization -file bd_58f6_lut_buffer_0_utilization_synth.rpt -pb bd_58f6_lut_buffer_0_utilization_synth.pb
INFO: [Common 17-206] Exiting Vivado at Wed Apr 16 07:29:54 2025...
