
*** Running vivado
    with args -log bd_7cf0_axi_jtag_0.vds -m64 -product Vivado -mode batch -messageDb vivado.pb -notrace -source bd_7cf0_axi_jtag_0.tcl


****** Vivado v2022.1 (64-bit)
  **** SW Build 3526262 on Mon Apr 18 15:47:01 MDT 2022
  **** IP Build 3524634 on Mon Apr 18 20:55:01 MDT 2022
    ** Copyright 1986-2022 Xilinx, Inc. All Rights Reserved.

source bd_7cf0_axi_jtag_0.tcl -notrace
INFO: Dispatch client connection id - 35001
INFO: [IP_Flow 19-234] Refreshing IP repositories
INFO: [IP_Flow 19-1700] Loaded user IP repository '/home/csl/sky/hls4ml_practice/hls4ml_prj_u55c_new/myproject_prj/solution1/impl/ip'.
INFO: [IP_Flow 19-1700] Loaded user IP repository '/home/csl/sky/hls4ml_practice/hls4ml_prj_u55c_new/xclbin_files/_x/link/int/xo/ip_repo/xilinx_com_hls_myproject_1_0'.
INFO: [IP_Flow 19-1700] Loaded user IP repository '/home/csl/sky/hls4ml_practice/hls4ml_prj_u55c_new/xclbin_files/_x/link/vivado/vpl/.local/hw_platform/iprepo'.
INFO: [IP_Flow 19-1700] Loaded user IP repository '/home/csl/sky/hls4ml_practice/hls4ml_prj_u55c_new/xclbin_files/_x/link/vivado/vpl/.local/hw_platform/ipcache'.
INFO: [IP_Flow 19-1700] Loaded user IP repository '/home/Xilinx/Vitis/2022.1/data/ip'.
INFO: [IP_Flow 19-2313] Loaded Vivado IP repository '/home/Xilinx/Vivado/2022.1/data/ip'.
WARNING: [IP_Flow 19-1663] Duplicate IP found for 'xilinx.com:hls:myproject:1.0'. The one found in IP location '/home/csl/sky/hls4ml_practice/hls4ml_prj_u55c_new/xclbin_files/_x/link/int/xo/ip_repo/xilinx_com_hls_myproject_1_0' will take precedence over the same IP in location /home/csl/sky/hls4ml_practice/hls4ml_prj_u55c_new/myproject_prj/solution1/impl/ip
WARNING: [IP_Flow 19-1663] Duplicate IP found for 'xilinx.com:ip:clk_metadata_adapter:1.0'. The one found in IP location '/home/csl/sky/hls4ml_practice/hls4ml_prj_u55c_new/xclbin_files/_x/link/vivado/vpl/.local/hw_platform/iprepo/ipdefs/pxi_ii_infra/clk_metadata_adapter_v1_0' will take precedence over the same IP in location /home/csl/sky/hls4ml_practice/hls4ml_prj_u55c_new/xclbin_files/_x/link/vivado/vpl/.local/hw_platform/iprepo/ipdefs/other_ipdefs/clk_metadata_adapter_v1_0
WARNING: [IP_Flow 19-1663] Duplicate IP found for 'xilinx.com:ip:pipeline_reg:1.0'. The one found in IP location '/home/csl/sky/hls4ml_practice/hls4ml_prj_u55c_new/xclbin_files/_x/link/vivado/vpl/.local/hw_platform/iprepo/ipdefs/pxi_ii_infra/pipeline_reg_v1_0' will take precedence over the same IP in location /home/csl/sky/hls4ml_practice/hls4ml_prj_u55c_new/xclbin_files/_x/link/vivado/vpl/.local/hw_platform/iprepo/ipdefs/other_ipdefs/pipeline_reg_v1_0
WARNING: [IP_Flow 19-1663] Duplicate IP found for 'xilinx.com:ip:shell_utils_build_info:1.0'. The one found in IP location '/home/csl/sky/hls4ml_practice/hls4ml_prj_u55c_new/xclbin_files/_x/link/vivado/vpl/.local/hw_platform/iprepo/ipdefs/other_ipdefs/shell_utils_build_info_v1_0' will take precedence over the same IP in the Xilinx installed IP.
WARNING: [IP_Flow 19-1663] Duplicate IP found for 'xilinx.com:ip:axi_clk_metadata_adapter:1.0'. The one found in IP location '/home/csl/sky/hls4ml_practice/hls4ml_prj_u55c_new/xclbin_files/_x/link/vivado/vpl/.local/hw_platform/iprepo/ipdefs/other_ipdefs/axi_clk_metadata_adapter_v1_0' will take precedence over the same IP in location /home/csl/sky/hls4ml_practice/hls4ml_prj_u55c_new/xclbin_files/_x/link/vivado/vpl/.local/hw_platform/iprepo/ipdefs/pxi_ii_infra/axi_clk_metadata_adapter_v1_0
WARNING: [IP_Flow 19-1663] Duplicate IP found for 'xilinx.com:ip:axis_clk_metadata_adapter:1.0'. The one found in IP location '/home/csl/sky/hls4ml_practice/hls4ml_prj_u55c_new/xclbin_files/_x/link/vivado/vpl/.local/hw_platform/iprepo/ipdefs/other_ipdefs/axis_clk_metadata_adapter_v1_0' will take precedence over the same IP in location /home/csl/sky/hls4ml_practice/hls4ml_prj_u55c_new/xclbin_files/_x/link/vivado/vpl/.local/hw_platform/iprepo/ipdefs/pxi_ii_infra/axis_clk_metadata_adapter_v1_0
Command: synth_design -top bd_7cf0_axi_jtag_0 -part xcu55c-fsvh2892-2L-e -incremental_mode off -mode out_of_context
Starting synth_design
Attempting to get a license for feature 'Synthesis' and/or device 'xcu55c'
INFO: [Common 17-349] Got license for feature 'Synthesis' and/or device 'xcu55c'
INFO: [Device 21-403] Loading part xcu55c-fsvh2892-2L-e
INFO: [Synth 8-7079] Multithreading enabled for synth_design using a maximum of 1 processes.
INFO: [Synth 8-7078] Launching helper process for spawning children vivado processes
INFO: [Synth 8-7075] Helper process launched with PID 555233
WARNING: [Synth 8-9501] generate block is allowed only inside loop and conditional generate in SystemVerilog mode [/home/Xilinx/Vivado/2022.1/data/ip/xpm/xpm_fifo/hdl/xpm_fifo.sv:4023]
---------------------------------------------------------------------------------
Starting RTL Elaboration : Time (s): cpu = 00:00:05 ; elapsed = 00:00:06 . Memory (MB): peak = 3657.992 ; gain = 337.797 ; free physical = 324 ; free virtual = 31023
---------------------------------------------------------------------------------
INFO: [Synth 8-6157] synthesizing module 'bd_7cf0_axi_jtag_0' [/home/csl/sky/hls4ml_practice/hls4ml_prj_u55c_new/xclbin_files/_x/link/vivado/vpl/prj/prj.gen/my_rm/bd/ulp/ip/ulp_ulp_cmp_0/bd_1/ip/ip_0/synth/bd_7cf0_axi_jtag_0.v:53]
INFO: [Synth 8-6155] done synthesizing module 'bd_7cf0_axi_jtag_0' (0#1) [/home/csl/sky/hls4ml_practice/hls4ml_prj_u55c_new/xclbin_files/_x/link/vivado/vpl/prj/prj.gen/my_rm/bd/ulp/ip/ulp_ulp_cmp_0/bd_1/ip/ip_0/synth/bd_7cf0_axi_jtag_0.v:53]
WARNING: [Synth 8-7129] Port s_axi_awprot[2] in module axi_jtag_v1_0_0_axi4liteif is either unconnected or has no load
WARNING: [Synth 8-7129] Port s_axi_awprot[1] in module axi_jtag_v1_0_0_axi4liteif is either unconnected or has no load
WARNING: [Synth 8-7129] Port s_axi_awprot[0] in module axi_jtag_v1_0_0_axi4liteif is either unconnected or has no load
WARNING: [Synth 8-7129] Port s_axi_arprot[2] in module axi_jtag_v1_0_0_axi4liteif is either unconnected or has no load
WARNING: [Synth 8-7129] Port s_axi_arprot[1] in module axi_jtag_v1_0_0_axi4liteif is either unconnected or has no load
WARNING: [Synth 8-7129] Port s_axi_arprot[0] in module axi_jtag_v1_0_0_axi4liteif is either unconnected or has no load
---------------------------------------------------------------------------------
Finished RTL Elaboration : Time (s): cpu = 00:00:07 ; elapsed = 00:00:08 . Memory (MB): peak = 3729.930 ; gain = 409.734 ; free physical = 7325 ; free virtual = 37488
---------------------------------------------------------------------------------
---------------------------------------------------------------------------------
Start Handling Custom Attributes
---------------------------------------------------------------------------------
---------------------------------------------------------------------------------
Finished Handling Custom Attributes : Time (s): cpu = 00:00:07 ; elapsed = 00:00:08 . Memory (MB): peak = 3747.742 ; gain = 427.547 ; free physical = 7394 ; free virtual = 37558
---------------------------------------------------------------------------------
---------------------------------------------------------------------------------
Finished RTL Optimization Phase 1 : Time (s): cpu = 00:00:07 ; elapsed = 00:00:08 . Memory (MB): peak = 3747.742 ; gain = 427.547 ; free physical = 7397 ; free virtual = 37560
---------------------------------------------------------------------------------
Netlist sorting complete. Time (s): cpu = 00:00:00.01 ; elapsed = 00:00:00.01 . Memory (MB): peak = 3747.742 ; gain = 0.000 ; free physical = 7386 ; free virtual = 37550
INFO: [Project 1-570] Preparing netlist for logic optimization

Processing XDC Constraints
Initializing timing engine
Parsing XDC File [/home/csl/sky/hls4ml_practice/hls4ml_prj_u55c_new/xclbin_files/_x/link/vivado/vpl/prj/prj.gen/my_rm/bd/ulp/ip/ulp_ulp_cmp_0/bd_1/ip/ip_0/bd_7cf0_axi_jtag_0_ooc.xdc] for cell 'inst'
create_clock: Time (s): cpu = 00:00:05 ; elapsed = 00:00:05 . Memory (MB): peak = 3870.273 ; gain = 0.000 ; free physical = 8395 ; free virtual = 38562
Finished Parsing XDC File [/home/csl/sky/hls4ml_practice/hls4ml_prj_u55c_new/xclbin_files/_x/link/vivado/vpl/prj/prj.gen/my_rm/bd/ulp/ip/ulp_ulp_cmp_0/bd_1/ip/ip_0/bd_7cf0_axi_jtag_0_ooc.xdc] for cell 'inst'
Parsing XDC File [/home/csl/sky/hls4ml_practice/hls4ml_prj_u55c_new/xclbin_files/_x/link/vivado/vpl/prj/prj.runs/bd_7cf0_axi_jtag_0_synth_1/dont_touch.xdc]
Finished Parsing XDC File [/home/csl/sky/hls4ml_practice/hls4ml_prj_u55c_new/xclbin_files/_x/link/vivado/vpl/prj/prj.runs/bd_7cf0_axi_jtag_0_synth_1/dont_touch.xdc]
Parsing XDC File [/home/csl/sky/hls4ml_practice/hls4ml_prj_u55c_new/xclbin_files/_x/link/vivado/vpl/prj/prj.gen/my_rm/bd/ulp/ip/ulp_ulp_cmp_0/bd_1/ip/ip_0/constraints/axi_jtag.xdc] for cell 'inst'
Finished Parsing XDC File [/home/csl/sky/hls4ml_practice/hls4ml_prj_u55c_new/xclbin_files/_x/link/vivado/vpl/prj/prj.gen/my_rm/bd/ulp/ip/ulp_ulp_cmp_0/bd_1/ip/ip_0/constraints/axi_jtag.xdc] for cell 'inst'
INFO: [Project 1-236] Implementation specific constraints were found while reading constraint file [/home/csl/sky/hls4ml_practice/hls4ml_prj_u55c_new/xclbin_files/_x/link/vivado/vpl/prj/prj.gen/my_rm/bd/ulp/ip/ulp_ulp_cmp_0/bd_1/ip/ip_0/constraints/axi_jtag.xdc]. These constraints will be ignored for synthesis but will be used in implementation. Impacted constraints are listed in the file [.Xil/bd_7cf0_axi_jtag_0_propImpl.xdc].
Resolution: To avoid this warning, move constraints listed in [.Xil/bd_7cf0_axi_jtag_0_propImpl.xdc] to another XDC file and exclude this new file from synthesis with the used_in_synthesis property (File Properties dialog in GUI) and re-run elaboration/synthesis.
Completed Processing XDC Constraints

Netlist sorting complete. Time (s): cpu = 00:00:00 ; elapsed = 00:00:00 . Memory (MB): peak = 3870.273 ; gain = 0.000 ; free physical = 8387 ; free virtual = 38554
INFO: [Project 1-111] Unisim Transformation Summary:
No Unisim elements were transformed.

Constraint Validation Runtime : Time (s): cpu = 00:00:00.02 ; elapsed = 00:00:00.02 . Memory (MB): peak = 3870.273 ; gain = 0.000 ; free physical = 8385 ; free virtual = 38553
INFO: [Designutils 20-5008] Incremental synthesis strategy off
---------------------------------------------------------------------------------
Finished Constraint Validation : Time (s): cpu = 00:00:21 ; elapsed = 00:00:22 . Memory (MB): peak = 3870.273 ; gain = 550.078 ; free physical = 8412 ; free virtual = 38594
---------------------------------------------------------------------------------
---------------------------------------------------------------------------------
Start Loading Part and Timing Information
---------------------------------------------------------------------------------
Loading part: xcu55c-fsvh2892-2L-e
INFO: [Synth 8-6742] Reading net delay rules and data
---------------------------------------------------------------------------------
Finished Loading Part and Timing Information : Time (s): cpu = 00:00:21 ; elapsed = 00:00:22 . Memory (MB): peak = 3870.273 ; gain = 550.078 ; free physical = 8411 ; free virtual = 38593
---------------------------------------------------------------------------------
---------------------------------------------------------------------------------
Start Applying 'set_property' XDC Constraints
---------------------------------------------------------------------------------
Applied set_property KEEP_HIERARCHY = SOFT for inst. (constraint file  /home/csl/sky/hls4ml_practice/hls4ml_prj_u55c_new/xclbin_files/_x/link/vivado/vpl/prj/prj.runs/bd_7cf0_axi_jtag_0_synth_1/dont_touch.xdc, line 6).
---------------------------------------------------------------------------------
Finished applying 'set_property' XDC Constraints : Time (s): cpu = 00:00:21 ; elapsed = 00:00:22 . Memory (MB): peak = 3870.273 ; gain = 550.078 ; free physical = 8407 ; free virtual = 38591
---------------------------------------------------------------------------------
INFO: [Synth 8-802] inferred FSM for state register 'state_reg' in module 'axi_jtag_v1_0_0_jtagproc'
---------------------------------------------------------------------------------------------------
                   State |                     New Encoding |                Previous Encoding 
---------------------------------------------------------------------------------------------------
*
                    IDLE |                              001 |                              001
                    TCKL |                              010 |                              010
                    TCKH |                              100 |                              100
---------------------------------------------------------------------------------------------------
INFO: [Synth 8-3898] No Re-encoding of one hot register 'state_reg' in module 'axi_jtag_v1_0_0_jtagproc'
---------------------------------------------------------------------------------
Finished RTL Optimization Phase 2 : Time (s): cpu = 00:00:21 ; elapsed = 00:00:23 . Memory (MB): peak = 3870.273 ; gain = 550.078 ; free physical = 8352 ; free virtual = 38539
---------------------------------------------------------------------------------
---------------------------------------------------------------------------------
Start RTL Component Statistics 
---------------------------------------------------------------------------------
Detailed RTL Component Info : 
+---Adders : 
	   2 Input    8 Bit       Adders := 1     
	   2 Input    5 Bit       Adders := 1     
+---Registers : 
	               32 Bit    Registers := 9     
	                8 Bit    Registers := 1     
	                5 Bit    Registers := 3     
	                2 Bit    Registers := 2     
	                1 Bit    Registers := 43    
+---Muxes : 
	   2 Input   32 Bit        Muxes := 9     
	   6 Input   32 Bit        Muxes := 5     
	   2 Input   31 Bit        Muxes := 2     
	   2 Input    8 Bit        Muxes := 1     
	   4 Input    3 Bit        Muxes := 1     
	   2 Input    3 Bit        Muxes := 2     
	   2 Input    2 Bit        Muxes := 1     
	   2 Input    1 Bit        Muxes := 78    
	   4 Input    1 Bit        Muxes := 3     
---------------------------------------------------------------------------------
Finished RTL Component Statistics 
---------------------------------------------------------------------------------
---------------------------------------------------------------------------------
Start Part Resource Summary
---------------------------------------------------------------------------------
Part Resources:
DSPs: 9024 (col length:94)
BRAMs: 4032 (col length: RAMB18 288 RAMB36 144)
---------------------------------------------------------------------------------
Finished Part Resource Summary
---------------------------------------------------------------------------------
---------------------------------------------------------------------------------
Start Cross Boundary and Area Optimization
---------------------------------------------------------------------------------
WARNING: [Synth 8-7080] Parallel synthesis criteria is not met
WARNING: [Synth 8-7129] Port s_axi_awprot[2] in module axi_jtag_v1_0_0_axi_jtag is either unconnected or has no load
WARNING: [Synth 8-7129] Port s_axi_awprot[1] in module axi_jtag_v1_0_0_axi_jtag is either unconnected or has no load
WARNING: [Synth 8-7129] Port s_axi_awprot[0] in module axi_jtag_v1_0_0_axi_jtag is either unconnected or has no load
WARNING: [Synth 8-7129] Port s_axi_arprot[2] in module axi_jtag_v1_0_0_axi_jtag is either unconnected or has no load
WARNING: [Synth 8-7129] Port s_axi_arprot[1] in module axi_jtag_v1_0_0_axi_jtag is either unconnected or has no load
WARNING: [Synth 8-7129] Port s_axi_arprot[0] in module axi_jtag_v1_0_0_axi_jtag is either unconnected or has no load
---------------------------------------------------------------------------------
Finished Cross Boundary and Area Optimization : Time (s): cpu = 00:00:24 ; elapsed = 00:00:26 . Memory (MB): peak = 3870.273 ; gain = 550.078 ; free physical = 7915 ; free virtual = 38119
---------------------------------------------------------------------------------
---------------------------------------------------------------------------------
Start Applying XDC Timing Constraints
---------------------------------------------------------------------------------
---------------------------------------------------------------------------------
Finished Applying XDC Timing Constraints : Time (s): cpu = 00:00:37 ; elapsed = 00:00:41 . Memory (MB): peak = 4134.008 ; gain = 813.812 ; free physical = 5208 ; free virtual = 35425
---------------------------------------------------------------------------------
---------------------------------------------------------------------------------
Start Timing Optimization
---------------------------------------------------------------------------------
---------------------------------------------------------------------------------
Finished Timing Optimization : Time (s): cpu = 00:00:39 ; elapsed = 00:00:43 . Memory (MB): peak = 4177.055 ; gain = 856.859 ; free physical = 5306 ; free virtual = 35524
---------------------------------------------------------------------------------
---------------------------------------------------------------------------------
Start Technology Mapping
---------------------------------------------------------------------------------
---------------------------------------------------------------------------------
Finished Technology Mapping : Time (s): cpu = 00:00:39 ; elapsed = 00:00:43 . Memory (MB): peak = 4177.055 ; gain = 856.859 ; free physical = 5313 ; free virtual = 35530
---------------------------------------------------------------------------------
---------------------------------------------------------------------------------
Start IO Insertion
---------------------------------------------------------------------------------
---------------------------------------------------------------------------------
Start Flattening Before IO Insertion
---------------------------------------------------------------------------------
---------------------------------------------------------------------------------
Finished Flattening Before IO Insertion
---------------------------------------------------------------------------------
---------------------------------------------------------------------------------
Start Final Netlist Cleanup
---------------------------------------------------------------------------------
---------------------------------------------------------------------------------
Finished Final Netlist Cleanup
---------------------------------------------------------------------------------
---------------------------------------------------------------------------------
Finished IO Insertion : Time (s): cpu = 00:00:44 ; elapsed = 00:00:48 . Memory (MB): peak = 4177.055 ; gain = 856.859 ; free physical = 5635 ; free virtual = 35844
---------------------------------------------------------------------------------
---------------------------------------------------------------------------------
Start Renaming Generated Instances
---------------------------------------------------------------------------------
---------------------------------------------------------------------------------
Finished Renaming Generated Instances : Time (s): cpu = 00:00:44 ; elapsed = 00:00:48 . Memory (MB): peak = 4177.055 ; gain = 856.859 ; free physical = 5633 ; free virtual = 35842
---------------------------------------------------------------------------------
---------------------------------------------------------------------------------
Start Rebuilding User Hierarchy
---------------------------------------------------------------------------------
---------------------------------------------------------------------------------
Finished Rebuilding User Hierarchy : Time (s): cpu = 00:00:44 ; elapsed = 00:00:48 . Memory (MB): peak = 4177.055 ; gain = 856.859 ; free physical = 5628 ; free virtual = 35837
---------------------------------------------------------------------------------
---------------------------------------------------------------------------------
Start Renaming Generated Ports
---------------------------------------------------------------------------------
---------------------------------------------------------------------------------
Finished Renaming Generated Ports : Time (s): cpu = 00:00:44 ; elapsed = 00:00:48 . Memory (MB): peak = 4177.055 ; gain = 856.859 ; free physical = 5627 ; free virtual = 35836
---------------------------------------------------------------------------------
---------------------------------------------------------------------------------
Start Handling Custom Attributes
---------------------------------------------------------------------------------
---------------------------------------------------------------------------------
Finished Handling Custom Attributes : Time (s): cpu = 00:00:44 ; elapsed = 00:00:48 . Memory (MB): peak = 4177.055 ; gain = 856.859 ; free physical = 5644 ; free virtual = 35853
---------------------------------------------------------------------------------
---------------------------------------------------------------------------------
Start Renaming Generated Nets
---------------------------------------------------------------------------------
---------------------------------------------------------------------------------
Finished Renaming Generated Nets : Time (s): cpu = 00:00:44 ; elapsed = 00:00:48 . Memory (MB): peak = 4177.055 ; gain = 856.859 ; free physical = 5644 ; free virtual = 35853
---------------------------------------------------------------------------------
---------------------------------------------------------------------------------
Start Writing Synthesis Report
---------------------------------------------------------------------------------

Report BlackBoxes: 
+-+--------------+----------+
| |BlackBox name |Instances |
+-+--------------+----------+
+-+--------------+----------+

Report Cell Usage: 
+------+-------+------+
|      |Cell   |Count |
+------+-------+------+
|1     |CARRY8 |     4|
|2     |LUT1   |     4|
|3     |LUT2   |    10|
|4     |LUT3   |    42|
|5     |LUT4   |    49|
|6     |LUT5   |    26|
|7     |LUT6   |   176|
|8     |FDRE   |   353|
|9     |FDSE   |     1|
+------+-------+------+
---------------------------------------------------------------------------------
Finished Writing Synthesis Report : Time (s): cpu = 00:00:44 ; elapsed = 00:00:48 . Memory (MB): peak = 4177.055 ; gain = 856.859 ; free physical = 5643 ; free virtual = 35852
---------------------------------------------------------------------------------
Synthesis finished with 0 errors, 0 critical warnings and 7 warnings.
Synthesis Optimization Runtime : Time (s): cpu = 00:00:37 ; elapsed = 00:00:40 . Memory (MB): peak = 4177.055 ; gain = 734.328 ; free physical = 5670 ; free virtual = 35880
Synthesis Optimization Complete : Time (s): cpu = 00:00:44 ; elapsed = 00:00:48 . Memory (MB): peak = 4177.062 ; gain = 856.859 ; free physical = 5670 ; free virtual = 35880
INFO: [Project 1-571] Translating synthesized netlist
Netlist sorting complete. Time (s): cpu = 00:00:00.01 ; elapsed = 00:00:00.01 . Memory (MB): peak = 4185.055 ; gain = 0.000 ; free physical = 5753 ; free virtual = 35962
INFO: [Netlist 29-17] Analyzing 4 Unisim elements for replacement
INFO: [Netlist 29-28] Unisim Transformation completed in 0 CPU seconds
INFO: [Project 1-570] Preparing netlist for logic optimization
INFO: [Opt 31-138] Pushed 0 inverter(s) to 0 load pin(s).
Netlist sorting complete. Time (s): cpu = 00:00:00 ; elapsed = 00:00:00 . Memory (MB): peak = 4237.500 ; gain = 0.000 ; free physical = 5669 ; free virtual = 35868
INFO: [Project 1-111] Unisim Transformation Summary:
No Unisim elements were transformed.

Synth Design complete, checksum: 63fb1c8b
INFO: [Common 17-83] Releasing license: Synthesis
28 Infos, 20 Warnings, 0 Critical Warnings and 0 Errors encountered.
synth_design completed successfully
synth_design: Time (s): cpu = 00:01:02 ; elapsed = 00:01:02 . Memory (MB): peak = 4237.500 ; gain = 1320.633 ; free physical = 5880 ; free virtual = 36079
INFO: [Common 17-600] The following parameters have non-default value.
general.maxThreads
INFO: [Common 17-1381] The checkpoint '/home/csl/sky/hls4ml_practice/hls4ml_prj_u55c_new/xclbin_files/_x/link/vivado/vpl/prj/prj.runs/bd_7cf0_axi_jtag_0_synth_1/bd_7cf0_axi_jtag_0.dcp' has been generated.
INFO: [Coretcl 2-1648] Added synthesis output to IP cache for IP bd_7cf0_axi_jtag_0, cache-ID = f65d951a5a0393dc
INFO: [Coretcl 2-1174] Renamed 3 cell refs.
INFO: [Common 17-1381] The checkpoint '/home/csl/sky/hls4ml_practice/hls4ml_prj_u55c_new/xclbin_files/_x/link/vivado/vpl/prj/prj.runs/bd_7cf0_axi_jtag_0_synth_1/bd_7cf0_axi_jtag_0.dcp' has been generated.
INFO: [runtcl-4] Executing : report_utilization -file bd_7cf0_axi_jtag_0_utilization_synth.rpt -pb bd_7cf0_axi_jtag_0_utilization_synth.pb
INFO: [Common 17-206] Exiting Vivado at Wed Apr 16 07:30:04 2025...
