
*** Running vivado
    with args -log ulp_regslice_control_userpf_1.vds -m64 -product Vivado -mode batch -messageDb vivado.pb -notrace -source ulp_regslice_control_userpf_1.tcl


****** Vivado v2022.1 (64-bit)
  **** SW Build 3526262 on Mon Apr 18 15:47:01 MDT 2022
  **** IP Build 3524634 on Mon Apr 18 20:55:01 MDT 2022
    ** Copyright 1986-2022 Xilinx, Inc. All Rights Reserved.

source ulp_regslice_control_userpf_1.tcl -notrace
INFO: Dispatch client connection id - 35001
INFO: [IP_Flow 19-234] Refreshing IP repositories
INFO: [IP_Flow 19-1700] Loaded user IP repository '/home/csl/sky/hls4ml_practice/hls4ml_prj_u55c_new/myproject_prj/solution1/impl/ip'.
INFO: [IP_Flow 19-1700] Loaded user IP repository '/home/csl/sky/hls4ml_practice/hls4ml_prj_u55c_new/xclbin_files/_x/link/int/xo/ip_repo/xilinx_com_hls_myproject_1_0'.
INFO: [IP_Flow 19-1700] Loaded user IP repository '/home/csl/sky/hls4ml_practice/hls4ml_prj_u55c_new/xclbin_files/_x/link/vivado/vpl/.local/hw_platform/iprepo'.
INFO: [IP_Flow 19-1700] Loaded user IP repository '/home/csl/sky/hls4ml_practice/hls4ml_prj_u55c_new/xclbin_files/_x/link/vivado/vpl/.local/hw_platform/ipcache'.
INFO: [IP_Flow 19-1700] Loaded user IP repository '/home/Xilinx/Vitis/2022.1/data/ip'.
INFO: [IP_Flow 19-2313] Loaded Vivado IP repository '/home/Xilinx/Vivado/2022.1/data/ip'.
WARNING: [IP_Flow 19-1663] Duplicate IP found for 'xilinx.com:hls:myproject:1.0'. The one found in IP location '/home/csl/sky/hls4ml_practice/hls4ml_prj_u55c_new/xclbin_files/_x/link/int/xo/ip_repo/xilinx_com_hls_myproject_1_0' will take precedence over the same IP in location /home/csl/sky/hls4ml_practice/hls4ml_prj_u55c_new/myproject_prj/solution1/impl/ip
WARNING: [IP_Flow 19-1663] Duplicate IP found for 'xilinx.com:ip:clk_metadata_adapter:1.0'. The one found in IP location '/home/csl/sky/hls4ml_practice/hls4ml_prj_u55c_new/xclbin_files/_x/link/vivado/vpl/.local/hw_platform/iprepo/ipdefs/pxi_ii_infra/clk_metadata_adapter_v1_0' will take precedence over the same IP in location /home/csl/sky/hls4ml_practice/hls4ml_prj_u55c_new/xclbin_files/_x/link/vivado/vpl/.local/hw_platform/iprepo/ipdefs/other_ipdefs/clk_metadata_adapter_v1_0
WARNING: [IP_Flow 19-1663] Duplicate IP found for 'xilinx.com:ip:pipeline_reg:1.0'. The one found in IP location '/home/csl/sky/hls4ml_practice/hls4ml_prj_u55c_new/xclbin_files/_x/link/vivado/vpl/.local/hw_platform/iprepo/ipdefs/pxi_ii_infra/pipeline_reg_v1_0' will take precedence over the same IP in location /home/csl/sky/hls4ml_practice/hls4ml_prj_u55c_new/xclbin_files/_x/link/vivado/vpl/.local/hw_platform/iprepo/ipdefs/other_ipdefs/pipeline_reg_v1_0
WARNING: [IP_Flow 19-1663] Duplicate IP found for 'xilinx.com:ip:shell_utils_build_info:1.0'. The one found in IP location '/home/csl/sky/hls4ml_practice/hls4ml_prj_u55c_new/xclbin_files/_x/link/vivado/vpl/.local/hw_platform/iprepo/ipdefs/other_ipdefs/shell_utils_build_info_v1_0' will take precedence over the same IP in the Xilinx installed IP.
WARNING: [IP_Flow 19-1663] Duplicate IP found for 'xilinx.com:ip:axi_clk_metadata_adapter:1.0'. The one found in IP location '/home/csl/sky/hls4ml_practice/hls4ml_prj_u55c_new/xclbin_files/_x/link/vivado/vpl/.local/hw_platform/iprepo/ipdefs/other_ipdefs/axi_clk_metadata_adapter_v1_0' will take precedence over the same IP in location /home/csl/sky/hls4ml_practice/hls4ml_prj_u55c_new/xclbin_files/_x/link/vivado/vpl/.local/hw_platform/iprepo/ipdefs/pxi_ii_infra/axi_clk_metadata_adapter_v1_0
WARNING: [IP_Flow 19-1663] Duplicate IP found for 'xilinx.com:ip:axis_clk_metadata_adapter:1.0'. The one found in IP location '/home/csl/sky/hls4ml_practice/hls4ml_prj_u55c_new/xclbin_files/_x/link/vivado/vpl/.local/hw_platform/iprepo/ipdefs/other_ipdefs/axis_clk_metadata_adapter_v1_0' will take precedence over the same IP in location /home/csl/sky/hls4ml_practice/hls4ml_prj_u55c_new/xclbin_files/_x/link/vivado/vpl/.local/hw_platform/iprepo/ipdefs/pxi_ii_infra/axis_clk_metadata_adapter_v1_0
Command: synth_design -top ulp_regslice_control_userpf_1 -part xcu55c-fsvh2892-2L-e -incremental_mode off -mode out_of_context
Starting synth_design
Attempting to get a license for feature 'Synthesis' and/or device 'xcu55c'
INFO: [Common 17-349] Got license for feature 'Synthesis' and/or device 'xcu55c'
INFO: [Device 21-403] Loading part xcu55c-fsvh2892-2L-e
INFO: [Synth 8-7079] Multithreading enabled for synth_design using a maximum of 1 processes.
INFO: [Synth 8-7078] Launching helper process for spawning children vivado processes
INFO: [Synth 8-7075] Helper process launched with PID 565507
WARNING: [Synth 8-9501] generate block is allowed only inside loop and conditional generate in SystemVerilog mode [/home/Xilinx/Vivado/2022.1/data/ip/xpm/xpm_fifo/hdl/xpm_fifo.sv:4023]
---------------------------------------------------------------------------------
Starting RTL Elaboration : Time (s): cpu = 00:00:05 ; elapsed = 00:00:05 . Memory (MB): peak = 3657.051 ; gain = 337.797 ; free physical = 7665 ; free virtual = 38036
---------------------------------------------------------------------------------
INFO: [Synth 8-6157] synthesizing module 'ulp_regslice_control_userpf_1' [/home/csl/sky/hls4ml_practice/hls4ml_prj_u55c_new/xclbin_files/_x/link/vivado/vpl/prj/prj.gen/my_rm/bd/ulp/ip/ulp_regslice_control_userpf_1/synth/ulp_regslice_control_userpf_1.v:53]
INFO: [Synth 8-6157] synthesizing module 'axi_register_slice_v2_1_26_axi_register_slice' [/home/csl/sky/hls4ml_practice/hls4ml_prj_u55c_new/xclbin_files/_x/link/vivado/vpl/prj/prj.gen/my_rm/bd/ulp/ipshared/0a3f/hdl/axi_register_slice_v2_1_vl_rfs.v:3725]
INFO: [Synth 8-6157] synthesizing module 'axi_infrastructure_v1_1_0_axi2vector' [/home/csl/sky/hls4ml_practice/hls4ml_prj_u55c_new/xclbin_files/_x/link/vivado/vpl/prj/prj.gen/my_rm/bd/ulp/ipshared/ec67/hdl/axi_infrastructure_v1_1_vl_rfs.v:59]
INFO: [Synth 8-6155] done synthesizing module 'axi_infrastructure_v1_1_0_axi2vector' (0#1) [/home/csl/sky/hls4ml_practice/hls4ml_prj_u55c_new/xclbin_files/_x/link/vivado/vpl/prj/prj.gen/my_rm/bd/ulp/ipshared/ec67/hdl/axi_infrastructure_v1_1_vl_rfs.v:59]
INFO: [Synth 8-6157] synthesizing module 'axi_infrastructure_v1_1_0_vector2axi' [/home/csl/sky/hls4ml_practice/hls4ml_prj_u55c_new/xclbin_files/_x/link/vivado/vpl/prj/prj.gen/my_rm/bd/ulp/ipshared/ec67/hdl/axi_infrastructure_v1_1_vl_rfs.v:473]
INFO: [Synth 8-6155] done synthesizing module 'axi_infrastructure_v1_1_0_vector2axi' (0#1) [/home/csl/sky/hls4ml_practice/hls4ml_prj_u55c_new/xclbin_files/_x/link/vivado/vpl/prj/prj.gen/my_rm/bd/ulp/ipshared/ec67/hdl/axi_infrastructure_v1_1_vl_rfs.v:473]
INFO: [Synth 8-6157] synthesizing module 'axi_register_slice_v2_1_26_axic_register_slice' [/home/csl/sky/hls4ml_practice/hls4ml_prj_u55c_new/xclbin_files/_x/link/vivado/vpl/prj/prj.gen/my_rm/bd/ulp/ipshared/0a3f/hdl/axi_register_slice_v2_1_vl_rfs.v:1497]
INFO: [Synth 8-6155] done synthesizing module 'axi_register_slice_v2_1_26_axic_register_slice' (0#1) [/home/csl/sky/hls4ml_practice/hls4ml_prj_u55c_new/xclbin_files/_x/link/vivado/vpl/prj/prj.gen/my_rm/bd/ulp/ipshared/0a3f/hdl/axi_register_slice_v2_1_vl_rfs.v:1497]
INFO: [Synth 8-6157] synthesizing module 'axi_register_slice_v2_1_26_axic_register_slice__parameterized0' [/home/csl/sky/hls4ml_practice/hls4ml_prj_u55c_new/xclbin_files/_x/link/vivado/vpl/prj/prj.gen/my_rm/bd/ulp/ipshared/0a3f/hdl/axi_register_slice_v2_1_vl_rfs.v:1497]
INFO: [Synth 8-6155] done synthesizing module 'axi_register_slice_v2_1_26_axic_register_slice__parameterized0' (0#1) [/home/csl/sky/hls4ml_practice/hls4ml_prj_u55c_new/xclbin_files/_x/link/vivado/vpl/prj/prj.gen/my_rm/bd/ulp/ipshared/0a3f/hdl/axi_register_slice_v2_1_vl_rfs.v:1497]
INFO: [Synth 8-6157] synthesizing module 'axi_register_slice_v2_1_26_axic_register_slice__parameterized1' [/home/csl/sky/hls4ml_practice/hls4ml_prj_u55c_new/xclbin_files/_x/link/vivado/vpl/prj/prj.gen/my_rm/bd/ulp/ipshared/0a3f/hdl/axi_register_slice_v2_1_vl_rfs.v:1497]
INFO: [Synth 8-6155] done synthesizing module 'axi_register_slice_v2_1_26_axic_register_slice__parameterized1' (0#1) [/home/csl/sky/hls4ml_practice/hls4ml_prj_u55c_new/xclbin_files/_x/link/vivado/vpl/prj/prj.gen/my_rm/bd/ulp/ipshared/0a3f/hdl/axi_register_slice_v2_1_vl_rfs.v:1497]
INFO: [Synth 8-6157] synthesizing module 'axi_register_slice_v2_1_26_axic_register_slice__parameterized2' [/home/csl/sky/hls4ml_practice/hls4ml_prj_u55c_new/xclbin_files/_x/link/vivado/vpl/prj/prj.gen/my_rm/bd/ulp/ipshared/0a3f/hdl/axi_register_slice_v2_1_vl_rfs.v:1497]
INFO: [Synth 8-6155] done synthesizing module 'axi_register_slice_v2_1_26_axic_register_slice__parameterized2' (0#1) [/home/csl/sky/hls4ml_practice/hls4ml_prj_u55c_new/xclbin_files/_x/link/vivado/vpl/prj/prj.gen/my_rm/bd/ulp/ipshared/0a3f/hdl/axi_register_slice_v2_1_vl_rfs.v:1497]
INFO: [Synth 8-6155] done synthesizing module 'axi_register_slice_v2_1_26_axi_register_slice' (0#1) [/home/csl/sky/hls4ml_practice/hls4ml_prj_u55c_new/xclbin_files/_x/link/vivado/vpl/prj/prj.gen/my_rm/bd/ulp/ipshared/0a3f/hdl/axi_register_slice_v2_1_vl_rfs.v:3725]
INFO: [Synth 8-6155] done synthesizing module 'ulp_regslice_control_userpf_1' (0#1) [/home/csl/sky/hls4ml_practice/hls4ml_prj_u55c_new/xclbin_files/_x/link/vivado/vpl/prj/prj.gen/my_rm/bd/ulp/ip/ulp_regslice_control_userpf_1/synth/ulp_regslice_control_userpf_1.v:53]
WARNING: [Synth 8-7129] Port m_axi_bid[0] in module axi_infrastructure_v1_1_0_vector2axi is either unconnected or has no load
WARNING: [Synth 8-7129] Port m_axi_buser[0] in module axi_infrastructure_v1_1_0_vector2axi is either unconnected or has no load
WARNING: [Synth 8-7129] Port m_axi_rid[0] in module axi_infrastructure_v1_1_0_vector2axi is either unconnected or has no load
WARNING: [Synth 8-7129] Port m_axi_rlast in module axi_infrastructure_v1_1_0_vector2axi is either unconnected or has no load
WARNING: [Synth 8-7129] Port m_axi_ruser[0] in module axi_infrastructure_v1_1_0_vector2axi is either unconnected or has no load
WARNING: [Synth 8-7129] Port s_axi_awid[0] in module axi_infrastructure_v1_1_0_axi2vector is either unconnected or has no load
WARNING: [Synth 8-7129] Port s_axi_awlen[7] in module axi_infrastructure_v1_1_0_axi2vector is either unconnected or has no load
WARNING: [Synth 8-7129] Port s_axi_awlen[6] in module axi_infrastructure_v1_1_0_axi2vector is either unconnected or has no load
WARNING: [Synth 8-7129] Port s_axi_awlen[5] in module axi_infrastructure_v1_1_0_axi2vector is either unconnected or has no load
WARNING: [Synth 8-7129] Port s_axi_awlen[4] in module axi_infrastructure_v1_1_0_axi2vector is either unconnected or has no load
WARNING: [Synth 8-7129] Port s_axi_awlen[3] in module axi_infrastructure_v1_1_0_axi2vector is either unconnected or has no load
WARNING: [Synth 8-7129] Port s_axi_awlen[2] in module axi_infrastructure_v1_1_0_axi2vector is either unconnected or has no load
WARNING: [Synth 8-7129] Port s_axi_awlen[1] in module axi_infrastructure_v1_1_0_axi2vector is either unconnected or has no load
WARNING: [Synth 8-7129] Port s_axi_awlen[0] in module axi_infrastructure_v1_1_0_axi2vector is either unconnected or has no load
WARNING: [Synth 8-7129] Port s_axi_awsize[2] in module axi_infrastructure_v1_1_0_axi2vector is either unconnected or has no load
WARNING: [Synth 8-7129] Port s_axi_awsize[1] in module axi_infrastructure_v1_1_0_axi2vector is either unconnected or has no load
WARNING: [Synth 8-7129] Port s_axi_awsize[0] in module axi_infrastructure_v1_1_0_axi2vector is either unconnected or has no load
WARNING: [Synth 8-7129] Port s_axi_awburst[1] in module axi_infrastructure_v1_1_0_axi2vector is either unconnected or has no load
WARNING: [Synth 8-7129] Port s_axi_awburst[0] in module axi_infrastructure_v1_1_0_axi2vector is either unconnected or has no load
WARNING: [Synth 8-7129] Port s_axi_awlock[0] in module axi_infrastructure_v1_1_0_axi2vector is either unconnected or has no load
WARNING: [Synth 8-7129] Port s_axi_awcache[3] in module axi_infrastructure_v1_1_0_axi2vector is either unconnected or has no load
WARNING: [Synth 8-7129] Port s_axi_awcache[2] in module axi_infrastructure_v1_1_0_axi2vector is either unconnected or has no load
WARNING: [Synth 8-7129] Port s_axi_awcache[1] in module axi_infrastructure_v1_1_0_axi2vector is either unconnected or has no load
WARNING: [Synth 8-7129] Port s_axi_awcache[0] in module axi_infrastructure_v1_1_0_axi2vector is either unconnected or has no load
WARNING: [Synth 8-7129] Port s_axi_awregion[3] in module axi_infrastructure_v1_1_0_axi2vector is either unconnected or has no load
WARNING: [Synth 8-7129] Port s_axi_awregion[2] in module axi_infrastructure_v1_1_0_axi2vector is either unconnected or has no load
WARNING: [Synth 8-7129] Port s_axi_awregion[1] in module axi_infrastructure_v1_1_0_axi2vector is either unconnected or has no load
WARNING: [Synth 8-7129] Port s_axi_awregion[0] in module axi_infrastructure_v1_1_0_axi2vector is either unconnected or has no load
WARNING: [Synth 8-7129] Port s_axi_awqos[3] in module axi_infrastructure_v1_1_0_axi2vector is either unconnected or has no load
WARNING: [Synth 8-7129] Port s_axi_awqos[2] in module axi_infrastructure_v1_1_0_axi2vector is either unconnected or has no load
WARNING: [Synth 8-7129] Port s_axi_awqos[1] in module axi_infrastructure_v1_1_0_axi2vector is either unconnected or has no load
WARNING: [Synth 8-7129] Port s_axi_awqos[0] in module axi_infrastructure_v1_1_0_axi2vector is either unconnected or has no load
WARNING: [Synth 8-7129] Port s_axi_awuser[0] in module axi_infrastructure_v1_1_0_axi2vector is either unconnected or has no load
WARNING: [Synth 8-7129] Port s_axi_wid[0] in module axi_infrastructure_v1_1_0_axi2vector is either unconnected or has no load
WARNING: [Synth 8-7129] Port s_axi_wlast in module axi_infrastructure_v1_1_0_axi2vector is either unconnected or has no load
WARNING: [Synth 8-7129] Port s_axi_wuser[0] in module axi_infrastructure_v1_1_0_axi2vector is either unconnected or has no load
WARNING: [Synth 8-7129] Port s_axi_arid[0] in module axi_infrastructure_v1_1_0_axi2vector is either unconnected or has no load
WARNING: [Synth 8-7129] Port s_axi_arlen[7] in module axi_infrastructure_v1_1_0_axi2vector is either unconnected or has no load
WARNING: [Synth 8-7129] Port s_axi_arlen[6] in module axi_infrastructure_v1_1_0_axi2vector is either unconnected or has no load
WARNING: [Synth 8-7129] Port s_axi_arlen[5] in module axi_infrastructure_v1_1_0_axi2vector is either unconnected or has no load
WARNING: [Synth 8-7129] Port s_axi_arlen[4] in module axi_infrastructure_v1_1_0_axi2vector is either unconnected or has no load
WARNING: [Synth 8-7129] Port s_axi_arlen[3] in module axi_infrastructure_v1_1_0_axi2vector is either unconnected or has no load
WARNING: [Synth 8-7129] Port s_axi_arlen[2] in module axi_infrastructure_v1_1_0_axi2vector is either unconnected or has no load
WARNING: [Synth 8-7129] Port s_axi_arlen[1] in module axi_infrastructure_v1_1_0_axi2vector is either unconnected or has no load
WARNING: [Synth 8-7129] Port s_axi_arlen[0] in module axi_infrastructure_v1_1_0_axi2vector is either unconnected or has no load
WARNING: [Synth 8-7129] Port s_axi_arsize[2] in module axi_infrastructure_v1_1_0_axi2vector is either unconnected or has no load
WARNING: [Synth 8-7129] Port s_axi_arsize[1] in module axi_infrastructure_v1_1_0_axi2vector is either unconnected or has no load
WARNING: [Synth 8-7129] Port s_axi_arsize[0] in module axi_infrastructure_v1_1_0_axi2vector is either unconnected or has no load
WARNING: [Synth 8-7129] Port s_axi_arburst[1] in module axi_infrastructure_v1_1_0_axi2vector is either unconnected or has no load
WARNING: [Synth 8-7129] Port s_axi_arburst[0] in module axi_infrastructure_v1_1_0_axi2vector is either unconnected or has no load
WARNING: [Synth 8-7129] Port s_axi_arlock[0] in module axi_infrastructure_v1_1_0_axi2vector is either unconnected or has no load
WARNING: [Synth 8-7129] Port s_axi_arcache[3] in module axi_infrastructure_v1_1_0_axi2vector is either unconnected or has no load
WARNING: [Synth 8-7129] Port s_axi_arcache[2] in module axi_infrastructure_v1_1_0_axi2vector is either unconnected or has no load
WARNING: [Synth 8-7129] Port s_axi_arcache[1] in module axi_infrastructure_v1_1_0_axi2vector is either unconnected or has no load
WARNING: [Synth 8-7129] Port s_axi_arcache[0] in module axi_infrastructure_v1_1_0_axi2vector is either unconnected or has no load
WARNING: [Synth 8-7129] Port s_axi_arregion[3] in module axi_infrastructure_v1_1_0_axi2vector is either unconnected or has no load
WARNING: [Synth 8-7129] Port s_axi_arregion[2] in module axi_infrastructure_v1_1_0_axi2vector is either unconnected or has no load
WARNING: [Synth 8-7129] Port s_axi_arregion[1] in module axi_infrastructure_v1_1_0_axi2vector is either unconnected or has no load
WARNING: [Synth 8-7129] Port s_axi_arregion[0] in module axi_infrastructure_v1_1_0_axi2vector is either unconnected or has no load
WARNING: [Synth 8-7129] Port s_axi_arqos[3] in module axi_infrastructure_v1_1_0_axi2vector is either unconnected or has no load
WARNING: [Synth 8-7129] Port s_axi_arqos[2] in module axi_infrastructure_v1_1_0_axi2vector is either unconnected or has no load
WARNING: [Synth 8-7129] Port s_axi_arqos[1] in module axi_infrastructure_v1_1_0_axi2vector is either unconnected or has no load
WARNING: [Synth 8-7129] Port s_axi_arqos[0] in module axi_infrastructure_v1_1_0_axi2vector is either unconnected or has no load
WARNING: [Synth 8-7129] Port s_axi_aruser[0] in module axi_infrastructure_v1_1_0_axi2vector is either unconnected or has no load
WARNING: [Synth 8-7129] Port aclk2x in module axi_register_slice_v2_1_26_axi_register_slice is either unconnected or has no load
---------------------------------------------------------------------------------
Finished RTL Elaboration : Time (s): cpu = 00:00:07 ; elapsed = 00:00:07 . Memory (MB): peak = 3724.957 ; gain = 405.703 ; free physical = 8140 ; free virtual = 38517
---------------------------------------------------------------------------------
---------------------------------------------------------------------------------
Start Handling Custom Attributes
---------------------------------------------------------------------------------
---------------------------------------------------------------------------------
Finished Handling Custom Attributes : Time (s): cpu = 00:00:07 ; elapsed = 00:00:07 . Memory (MB): peak = 3742.770 ; gain = 423.516 ; free physical = 8160 ; free virtual = 38536
---------------------------------------------------------------------------------
---------------------------------------------------------------------------------
Finished RTL Optimization Phase 1 : Time (s): cpu = 00:00:07 ; elapsed = 00:00:07 . Memory (MB): peak = 3742.770 ; gain = 423.516 ; free physical = 8159 ; free virtual = 38536
---------------------------------------------------------------------------------
Netlist sorting complete. Time (s): cpu = 00:00:00.01 ; elapsed = 00:00:00 . Memory (MB): peak = 3742.770 ; gain = 0.000 ; free physical = 8163 ; free virtual = 38540
INFO: [Project 1-570] Preparing netlist for logic optimization

Processing XDC Constraints
Initializing timing engine
Parsing XDC File [/home/csl/sky/hls4ml_practice/hls4ml_prj_u55c_new/xclbin_files/_x/link/vivado/vpl/prj/prj.gen/my_rm/bd/ulp/ip/ulp_regslice_control_userpf_1/ulp_regslice_control_userpf_1_ooc.xdc] for cell 'inst'
create_clock: Time (s): cpu = 00:00:05 ; elapsed = 00:00:05 . Memory (MB): peak = 3863.301 ; gain = 0.000 ; free physical = 8200 ; free virtual = 38576
Finished Parsing XDC File [/home/csl/sky/hls4ml_practice/hls4ml_prj_u55c_new/xclbin_files/_x/link/vivado/vpl/prj/prj.gen/my_rm/bd/ulp/ip/ulp_regslice_control_userpf_1/ulp_regslice_control_userpf_1_ooc.xdc] for cell 'inst'
Parsing XDC File [/home/csl/sky/hls4ml_practice/hls4ml_prj_u55c_new/xclbin_files/_x/link/vivado/vpl/prj/prj.runs/ulp_regslice_control_userpf_1_synth_1/dont_touch.xdc]
Finished Parsing XDC File [/home/csl/sky/hls4ml_practice/hls4ml_prj_u55c_new/xclbin_files/_x/link/vivado/vpl/prj/prj.runs/ulp_regslice_control_userpf_1_synth_1/dont_touch.xdc]
Parsing XDC File [/home/csl/sky/hls4ml_practice/hls4ml_prj_u55c_new/xclbin_files/_x/link/vivado/vpl/prj/prj.gen/my_rm/bd/ulp/ip/ulp_regslice_control_userpf_1/ulp_regslice_control_userpf_1_clocks.xdc] for cell 'inst'
Finished Parsing XDC File [/home/csl/sky/hls4ml_practice/hls4ml_prj_u55c_new/xclbin_files/_x/link/vivado/vpl/prj/prj.gen/my_rm/bd/ulp/ip/ulp_regslice_control_userpf_1/ulp_regslice_control_userpf_1_clocks.xdc] for cell 'inst'
INFO: [Project 1-236] Implementation specific constraints were found while reading constraint file [/home/csl/sky/hls4ml_practice/hls4ml_prj_u55c_new/xclbin_files/_x/link/vivado/vpl/prj/prj.gen/my_rm/bd/ulp/ip/ulp_regslice_control_userpf_1/ulp_regslice_control_userpf_1_clocks.xdc]. These constraints will be ignored for synthesis but will be used in implementation. Impacted constraints are listed in the file [.Xil/ulp_regslice_control_userpf_1_propImpl.xdc].
Resolution: To avoid this warning, move constraints listed in [.Xil/ulp_regslice_control_userpf_1_propImpl.xdc] to another XDC file and exclude this new file from synthesis with the used_in_synthesis property (File Properties dialog in GUI) and re-run elaboration/synthesis.
Completed Processing XDC Constraints

Netlist sorting complete. Time (s): cpu = 00:00:00 ; elapsed = 00:00:00 . Memory (MB): peak = 3863.301 ; gain = 0.000 ; free physical = 8188 ; free virtual = 38565
INFO: [Project 1-111] Unisim Transformation Summary:
No Unisim elements were transformed.

Constraint Validation Runtime : Time (s): cpu = 00:00:00.01 ; elapsed = 00:00:00.02 . Memory (MB): peak = 3863.301 ; gain = 0.000 ; free physical = 8160 ; free virtual = 38536
INFO: [Designutils 20-5008] Incremental synthesis strategy off
---------------------------------------------------------------------------------
Finished Constraint Validation : Time (s): cpu = 00:00:20 ; elapsed = 00:00:21 . Memory (MB): peak = 3863.301 ; gain = 544.047 ; free physical = 8267 ; free virtual = 38644
---------------------------------------------------------------------------------
---------------------------------------------------------------------------------
Start Loading Part and Timing Information
---------------------------------------------------------------------------------
Loading part: xcu55c-fsvh2892-2L-e
INFO: [Synth 8-6742] Reading net delay rules and data
---------------------------------------------------------------------------------
Finished Loading Part and Timing Information : Time (s): cpu = 00:00:20 ; elapsed = 00:00:21 . Memory (MB): peak = 3863.301 ; gain = 544.047 ; free physical = 8266 ; free virtual = 38644
---------------------------------------------------------------------------------
---------------------------------------------------------------------------------
Start Applying 'set_property' XDC Constraints
---------------------------------------------------------------------------------
Applied set_property KEEP_HIERARCHY = SOFT for inst. (constraint file  /home/csl/sky/hls4ml_practice/hls4ml_prj_u55c_new/xclbin_files/_x/link/vivado/vpl/prj/prj.runs/ulp_regslice_control_userpf_1_synth_1/dont_touch.xdc, line 9).
---------------------------------------------------------------------------------
Finished applying 'set_property' XDC Constraints : Time (s): cpu = 00:00:20 ; elapsed = 00:00:21 . Memory (MB): peak = 3863.301 ; gain = 544.047 ; free physical = 8264 ; free virtual = 38642
---------------------------------------------------------------------------------
---------------------------------------------------------------------------------
Finished RTL Optimization Phase 2 : Time (s): cpu = 00:00:21 ; elapsed = 00:00:22 . Memory (MB): peak = 3863.301 ; gain = 544.047 ; free physical = 8315 ; free virtual = 38693
---------------------------------------------------------------------------------
---------------------------------------------------------------------------------
Start RTL Component Statistics 
---------------------------------------------------------------------------------
Detailed RTL Component Info : 
+---Registers : 
	               36 Bit    Registers := 1     
	               34 Bit    Registers := 1     
	               28 Bit    Registers := 2     
	                2 Bit    Registers := 6     
	                1 Bit    Registers := 10    
+---Muxes : 
	   2 Input    1 Bit        Muxes := 10    
---------------------------------------------------------------------------------
Finished RTL Component Statistics 
---------------------------------------------------------------------------------
---------------------------------------------------------------------------------
Start Part Resource Summary
---------------------------------------------------------------------------------
Part Resources:
DSPs: 9024 (col length:94)
BRAMs: 4032 (col length: RAMB18 288 RAMB36 144)
---------------------------------------------------------------------------------
Finished Part Resource Summary
---------------------------------------------------------------------------------
---------------------------------------------------------------------------------
Start Cross Boundary and Area Optimization
---------------------------------------------------------------------------------
WARNING: [Synth 8-7080] Parallel synthesis criteria is not met
WARNING: [Synth 8-7129] Port aclk2x in module axi_register_slice_v2_1_26_axi_register_slice is either unconnected or has no load
WARNING: [Synth 8-7129] Port s_axi_awid[0] in module axi_register_slice_v2_1_26_axi_register_slice is either unconnected or has no load
WARNING: [Synth 8-7129] Port s_axi_awlen[7] in module axi_register_slice_v2_1_26_axi_register_slice is either unconnected or has no load
WARNING: [Synth 8-7129] Port s_axi_awlen[6] in module axi_register_slice_v2_1_26_axi_register_slice is either unconnected or has no load
WARNING: [Synth 8-7129] Port s_axi_awlen[5] in module axi_register_slice_v2_1_26_axi_register_slice is either unconnected or has no load
WARNING: [Synth 8-7129] Port s_axi_awlen[4] in module axi_register_slice_v2_1_26_axi_register_slice is either unconnected or has no load
WARNING: [Synth 8-7129] Port s_axi_awlen[3] in module axi_register_slice_v2_1_26_axi_register_slice is either unconnected or has no load
WARNING: [Synth 8-7129] Port s_axi_awlen[2] in module axi_register_slice_v2_1_26_axi_register_slice is either unconnected or has no load
WARNING: [Synth 8-7129] Port s_axi_awlen[1] in module axi_register_slice_v2_1_26_axi_register_slice is either unconnected or has no load
WARNING: [Synth 8-7129] Port s_axi_awlen[0] in module axi_register_slice_v2_1_26_axi_register_slice is either unconnected or has no load
WARNING: [Synth 8-7129] Port s_axi_awsize[2] in module axi_register_slice_v2_1_26_axi_register_slice is either unconnected or has no load
WARNING: [Synth 8-7129] Port s_axi_awsize[1] in module axi_register_slice_v2_1_26_axi_register_slice is either unconnected or has no load
WARNING: [Synth 8-7129] Port s_axi_awsize[0] in module axi_register_slice_v2_1_26_axi_register_slice is either unconnected or has no load
WARNING: [Synth 8-7129] Port s_axi_awburst[1] in module axi_register_slice_v2_1_26_axi_register_slice is either unconnected or has no load
WARNING: [Synth 8-7129] Port s_axi_awburst[0] in module axi_register_slice_v2_1_26_axi_register_slice is either unconnected or has no load
WARNING: [Synth 8-7129] Port s_axi_awlock[0] in module axi_register_slice_v2_1_26_axi_register_slice is either unconnected or has no load
WARNING: [Synth 8-7129] Port s_axi_awcache[3] in module axi_register_slice_v2_1_26_axi_register_slice is either unconnected or has no load
WARNING: [Synth 8-7129] Port s_axi_awcache[2] in module axi_register_slice_v2_1_26_axi_register_slice is either unconnected or has no load
WARNING: [Synth 8-7129] Port s_axi_awcache[1] in module axi_register_slice_v2_1_26_axi_register_slice is either unconnected or has no load
WARNING: [Synth 8-7129] Port s_axi_awcache[0] in module axi_register_slice_v2_1_26_axi_register_slice is either unconnected or has no load
WARNING: [Synth 8-7129] Port s_axi_awregion[3] in module axi_register_slice_v2_1_26_axi_register_slice is either unconnected or has no load
WARNING: [Synth 8-7129] Port s_axi_awregion[2] in module axi_register_slice_v2_1_26_axi_register_slice is either unconnected or has no load
WARNING: [Synth 8-7129] Port s_axi_awregion[1] in module axi_register_slice_v2_1_26_axi_register_slice is either unconnected or has no load
WARNING: [Synth 8-7129] Port s_axi_awregion[0] in module axi_register_slice_v2_1_26_axi_register_slice is either unconnected or has no load
WARNING: [Synth 8-7129] Port s_axi_awqos[3] in module axi_register_slice_v2_1_26_axi_register_slice is either unconnected or has no load
WARNING: [Synth 8-7129] Port s_axi_awqos[2] in module axi_register_slice_v2_1_26_axi_register_slice is either unconnected or has no load
WARNING: [Synth 8-7129] Port s_axi_awqos[1] in module axi_register_slice_v2_1_26_axi_register_slice is either unconnected or has no load
WARNING: [Synth 8-7129] Port s_axi_awqos[0] in module axi_register_slice_v2_1_26_axi_register_slice is either unconnected or has no load
WARNING: [Synth 8-7129] Port s_axi_awuser[0] in module axi_register_slice_v2_1_26_axi_register_slice is either unconnected or has no load
WARNING: [Synth 8-7129] Port s_axi_wid[0] in module axi_register_slice_v2_1_26_axi_register_slice is either unconnected or has no load
WARNING: [Synth 8-7129] Port s_axi_wlast in module axi_register_slice_v2_1_26_axi_register_slice is either unconnected or has no load
WARNING: [Synth 8-7129] Port s_axi_wuser[0] in module axi_register_slice_v2_1_26_axi_register_slice is either unconnected or has no load
WARNING: [Synth 8-7129] Port s_axi_arid[0] in module axi_register_slice_v2_1_26_axi_register_slice is either unconnected or has no load
WARNING: [Synth 8-7129] Port s_axi_arlen[7] in module axi_register_slice_v2_1_26_axi_register_slice is either unconnected or has no load
WARNING: [Synth 8-7129] Port s_axi_arlen[6] in module axi_register_slice_v2_1_26_axi_register_slice is either unconnected or has no load
INFO: [Common 17-14] Message 'Synth 8-7129' appears 100 times and further instances of the messages will be disabled. Use the Tcl command set_msg_config to change the current settings.
---------------------------------------------------------------------------------
Finished Cross Boundary and Area Optimization : Time (s): cpu = 00:00:22 ; elapsed = 00:00:24 . Memory (MB): peak = 3863.301 ; gain = 544.047 ; free physical = 7909 ; free virtual = 38291
---------------------------------------------------------------------------------
---------------------------------------------------------------------------------
Start Applying XDC Timing Constraints
---------------------------------------------------------------------------------
---------------------------------------------------------------------------------
Finished Applying XDC Timing Constraints : Time (s): cpu = 00:00:35 ; elapsed = 00:00:39 . Memory (MB): peak = 4129.332 ; gain = 810.078 ; free physical = 8429 ; free virtual = 38796
---------------------------------------------------------------------------------
---------------------------------------------------------------------------------
Start Timing Optimization
---------------------------------------------------------------------------------
---------------------------------------------------------------------------------
Finished Timing Optimization : Time (s): cpu = 00:00:35 ; elapsed = 00:00:39 . Memory (MB): peak = 4138.348 ; gain = 819.094 ; free physical = 8454 ; free virtual = 38821
---------------------------------------------------------------------------------
---------------------------------------------------------------------------------
Start Technology Mapping
---------------------------------------------------------------------------------
---------------------------------------------------------------------------------
Finished Technology Mapping : Time (s): cpu = 00:00:36 ; elapsed = 00:00:39 . Memory (MB): peak = 4148.371 ; gain = 829.117 ; free physical = 8526 ; free virtual = 38894
---------------------------------------------------------------------------------
---------------------------------------------------------------------------------
Start IO Insertion
---------------------------------------------------------------------------------
---------------------------------------------------------------------------------
Start Flattening Before IO Insertion
---------------------------------------------------------------------------------
---------------------------------------------------------------------------------
Finished Flattening Before IO Insertion
---------------------------------------------------------------------------------
---------------------------------------------------------------------------------
Start Final Netlist Cleanup
---------------------------------------------------------------------------------
---------------------------------------------------------------------------------
Finished Final Netlist Cleanup
---------------------------------------------------------------------------------
---------------------------------------------------------------------------------
Finished IO Insertion : Time (s): cpu = 00:00:41 ; elapsed = 00:00:45 . Memory (MB): peak = 4154.309 ; gain = 835.055 ; free physical = 13028 ; free virtual = 43396
---------------------------------------------------------------------------------
---------------------------------------------------------------------------------
Start Renaming Generated Instances
---------------------------------------------------------------------------------
---------------------------------------------------------------------------------
Finished Renaming Generated Instances : Time (s): cpu = 00:00:41 ; elapsed = 00:00:45 . Memory (MB): peak = 4154.309 ; gain = 835.055 ; free physical = 13029 ; free virtual = 43397
---------------------------------------------------------------------------------
---------------------------------------------------------------------------------
Start Rebuilding User Hierarchy
---------------------------------------------------------------------------------
---------------------------------------------------------------------------------
Finished Rebuilding User Hierarchy : Time (s): cpu = 00:00:41 ; elapsed = 00:00:45 . Memory (MB): peak = 4154.309 ; gain = 835.055 ; free physical = 13033 ; free virtual = 43401
---------------------------------------------------------------------------------
---------------------------------------------------------------------------------
Start Renaming Generated Ports
---------------------------------------------------------------------------------
---------------------------------------------------------------------------------
Finished Renaming Generated Ports : Time (s): cpu = 00:00:41 ; elapsed = 00:00:45 . Memory (MB): peak = 4154.309 ; gain = 835.055 ; free physical = 13034 ; free virtual = 43402
---------------------------------------------------------------------------------
---------------------------------------------------------------------------------
Start Handling Custom Attributes
---------------------------------------------------------------------------------
---------------------------------------------------------------------------------
Finished Handling Custom Attributes : Time (s): cpu = 00:00:41 ; elapsed = 00:00:45 . Memory (MB): peak = 4154.309 ; gain = 835.055 ; free physical = 13038 ; free virtual = 43406
---------------------------------------------------------------------------------
---------------------------------------------------------------------------------
Start Renaming Generated Nets
---------------------------------------------------------------------------------
---------------------------------------------------------------------------------
Finished Renaming Generated Nets : Time (s): cpu = 00:00:41 ; elapsed = 00:00:45 . Memory (MB): peak = 4154.309 ; gain = 835.055 ; free physical = 13039 ; free virtual = 43407
---------------------------------------------------------------------------------
---------------------------------------------------------------------------------
Start Writing Synthesis Report
---------------------------------------------------------------------------------

Report BlackBoxes: 
+-+--------------+----------+
| |BlackBox name |Instances |
+-+--------------+----------+
+-+--------------+----------+

Report Cell Usage: 
+------+-----+------+
|      |Cell |Count |
+------+-----+------+
|1     |LUT1 |     8|
|2     |LUT3 |     5|
|3     |LUT4 |     5|
|4     |FDRE |   140|
+------+-----+------+
---------------------------------------------------------------------------------
Finished Writing Synthesis Report : Time (s): cpu = 00:00:41 ; elapsed = 00:00:45 . Memory (MB): peak = 4154.309 ; gain = 835.055 ; free physical = 13040 ; free virtual = 43408
---------------------------------------------------------------------------------
Synthesis finished with 0 errors, 0 critical warnings and 66 warnings.
Synthesis Optimization Runtime : Time (s): cpu = 00:00:33 ; elapsed = 00:00:37 . Memory (MB): peak = 4154.309 ; gain = 714.523 ; free physical = 13109 ; free virtual = 43477
Synthesis Optimization Complete : Time (s): cpu = 00:00:41 ; elapsed = 00:00:45 . Memory (MB): peak = 4154.316 ; gain = 835.055 ; free physical = 13110 ; free virtual = 43478
INFO: [Project 1-571] Translating synthesized netlist
Netlist sorting complete. Time (s): cpu = 00:00:00.01 ; elapsed = 00:00:00 . Memory (MB): peak = 4161.246 ; gain = 0.000 ; free physical = 12942 ; free virtual = 43310
INFO: [Project 1-570] Preparing netlist for logic optimization
INFO: [Opt 31-138] Pushed 0 inverter(s) to 0 load pin(s).
Netlist sorting complete. Time (s): cpu = 00:00:00 ; elapsed = 00:00:00 . Memory (MB): peak = 4229.488 ; gain = 0.000 ; free physical = 13975 ; free virtual = 44343
INFO: [Project 1-111] Unisim Transformation Summary:
No Unisim elements were transformed.

Synth Design complete, checksum: 278150f0
INFO: [Common 17-83] Releasing license: Synthesis
39 Infos, 108 Warnings, 0 Critical Warnings and 0 Errors encountered.
synth_design completed successfully
synth_design: Time (s): cpu = 00:00:59 ; elapsed = 00:00:59 . Memory (MB): peak = 4229.488 ; gain = 1316.562 ; free physical = 14010 ; free virtual = 44378
INFO: [Common 17-600] The following parameters have non-default value.
general.maxThreads
INFO: [Common 17-1381] The checkpoint '/home/csl/sky/hls4ml_practice/hls4ml_prj_u55c_new/xclbin_files/_x/link/vivado/vpl/prj/prj.runs/ulp_regslice_control_userpf_1_synth_1/ulp_regslice_control_userpf_1.dcp' has been generated.
INFO: [Coretcl 2-1648] Added synthesis output to IP cache for IP ulp_regslice_control_userpf_1, cache-ID = 82bc06541cc787f4
INFO: [Coretcl 2-1174] Renamed 6 cell refs.
INFO: [Common 17-1381] The checkpoint '/home/csl/sky/hls4ml_practice/hls4ml_prj_u55c_new/xclbin_files/_x/link/vivado/vpl/prj/prj.runs/ulp_regslice_control_userpf_1_synth_1/ulp_regslice_control_userpf_1.dcp' has been generated.
INFO: [runtcl-4] Executing : report_utilization -file ulp_regslice_control_userpf_1_utilization_synth.rpt -pb ulp_regslice_control_userpf_1_utilization_synth.pb
INFO: [Common 17-206] Exiting Vivado at Wed Apr 16 07:44:31 2025...
