Wed Apr 16 07:25:15 2025: Running xcd server. This server was built by gradle.
Wed Apr 16 07:25:15 2025: Server was asked to start on port: '35001'
Wed Apr 16 07:25:15 2025: Server is using token UUID: 'e4859f2d-029d-4700-868a-e8055aa66109'
Wed Apr 16 07:25:15 2025: SESSION_MGR: creating session with session uuid: '6d04a3e9-ade5-4ab9-8d63-1f78fcd2ec76' and name 'default'
Wed Apr 16 07:25:15 2025: Attempting to start server on port '35001'
Wed Apr 16 07:25:15 2025: XCD main fifo: created main fifo '/tmp/xcdmaine4859f2d-029d-4700-868a-e8055aa66109', fd read = 13
Wed Apr 16 07:25:15 2025: Running Dispatch Server
Wed Apr 16 07:25:15 2025: Version 2.2.0
Wed Apr 16 07:25:24 2025: Dispatch Server: Accepted socket connection from client
Wed Apr 16 07:25:24 2025: Starting Socket connection
Wed Apr 16 07:25:24 2025: EXCHANGE_TOKEN received, server token: e4859f2d-029d-4700-868a-e8055aa66109, passed token: e4859f2d-029d-4700-868a-e8055aa66109
Wed Apr 16 07:25:24 2025: DISPATCH_HANDLER: Adding handler from function makeHandler in library libxv_system_diagram
Wed Apr 16 07:25:24 2025: SESSION_MGR: creating session with session uuid: '0e0cce18-cf1a-4899-b786-4b74b2dce974' and name 'v++_link_myproject_kernel'
Wed Apr 16 07:25:24 2025: KERNEL_SVC: creating session with uuid: '0e0cce18-cf1a-4899-b786-4b74b2dce974' and name 'v++_link_myproject_kernel'
Wed Apr 16 07:25:24 2025: GUIDANCE_SMGR: creating guidance session with uuid: '0e0cce18-cf1a-4899-b786-4b74b2dce974' and name 'v++_link_myproject_kernel'
Wed Apr 16 07:25:24 2025: SYSTEM_DIAGRAM: creating session with uuid: '0e0cce18-cf1a-4899-b786-4b74b2dce974' and name 'v++_link_myproject_kernel'
Wed Apr 16 07:26:08 2025: Dispatch Server: Accepted socket connection from client
Wed Apr 16 07:26:08 2025: Starting Socket connection
Wed Apr 16 07:26:24 2025: Dispatch Server: Accepted socket connection from client
Wed Apr 16 07:26:24 2025: Starting Socket connection
Wed Apr 16 07:28:52 2025: Dispatch Server: Accepted socket connection from client
Wed Apr 16 07:28:52 2025: Starting Socket connection
Wed Apr 16 07:28:52 2025: Dispatch Server: Accepted socket connection from client
Wed Apr 16 07:28:52 2025: Starting Socket connection
Wed Apr 16 07:28:52 2025: Dispatch Server: Accepted socket connection from client
Wed Apr 16 07:28:52 2025: Starting Socket connection
Wed Apr 16 07:28:52 2025: Dispatch Server: Accepted socket connection from client
Wed Apr 16 07:28:52 2025: Starting Socket connection
Wed Apr 16 07:28:52 2025: Dispatch Server: Accepted socket connection from client
Wed Apr 16 07:28:52 2025: Starting Socket connection
Wed Apr 16 07:28:52 2025: Dispatch Server: Accepted socket connection from client
Wed Apr 16 07:28:52 2025: Starting Socket connection
Wed Apr 16 07:28:52 2025: Dispatch Server: Accepted socket connection from client
Wed Apr 16 07:28:52 2025: Starting Socket connection
Wed Apr 16 07:28:52 2025: Dispatch Server: Accepted socket connection from client
Wed Apr 16 07:28:52 2025: Starting Socket connection
Wed Apr 16 07:30:15 2025: Dispatch Server: Accepted socket connection from client
Wed Apr 16 07:30:15 2025: Starting Socket connection
Wed Apr 16 07:30:16 2025: Dispatch Server: Accepted socket connection from client
Wed Apr 16 07:30:16 2025: Starting Socket connection
Wed Apr 16 07:30:19 2025: Dispatch Server: Accepted socket connection from client
Wed Apr 16 07:30:19 2025: Starting Socket connection
Wed Apr 16 07:30:19 2025: Dispatch Server: Accepted socket connection from client
Wed Apr 16 07:30:19 2025: Starting Socket connection
Wed Apr 16 07:30:21 2025: Dispatch Server: Accepted socket connection from client
Wed Apr 16 07:30:21 2025: Starting Socket connection
Wed Apr 16 07:30:24 2025: Dispatch Server: Accepted socket connection from client
Wed Apr 16 07:30:24 2025: Starting Socket connection
Wed Apr 16 07:30:29 2025: Dispatch Server: Accepted socket connection from client
Wed Apr 16 07:30:29 2025: Starting Socket connection
Wed Apr 16 07:30:44 2025: Dispatch Server: Accepted socket connection from client
Wed Apr 16 07:30:44 2025: Starting Socket connection
Wed Apr 16 07:30:46 2025: Dispatch Server: Accepted socket connection from client
Wed Apr 16 07:30:46 2025: Starting Socket connection
Wed Apr 16 07:31:37 2025: Dispatch Server: Accepted socket connection from client
Wed Apr 16 07:31:37 2025: Starting Socket connection
Wed Apr 16 07:31:43 2025: Dispatch Server: Accepted socket connection from client
Wed Apr 16 07:31:43 2025: Starting Socket connection
Wed Apr 16 07:31:49 2025: Dispatch Server: Accepted socket connection from client
Wed Apr 16 07:31:49 2025: Starting Socket connection
Wed Apr 16 07:31:51 2025: Dispatch Server: Accepted socket connection from client
Wed Apr 16 07:31:51 2025: Starting Socket connection
Wed Apr 16 07:31:56 2025: Dispatch Server: Accepted socket connection from client
Wed Apr 16 07:31:56 2025: Starting Socket connection
Wed Apr 16 07:32:07 2025: Dispatch Server: Accepted socket connection from client
Wed Apr 16 07:32:07 2025: Starting Socket connection
Wed Apr 16 07:32:07 2025: Dispatch Server: Accepted socket connection from client
Wed Apr 16 07:32:07 2025: Starting Socket connection
Wed Apr 16 07:32:38 2025: Dispatch Server: Accepted socket connection from client
Wed Apr 16 07:32:38 2025: Starting Socket connection
Wed Apr 16 07:33:00 2025: Dispatch Server: Accepted socket connection from client
Wed Apr 16 07:33:00 2025: Starting Socket connection
Wed Apr 16 07:33:12 2025: Dispatch Server: Accepted socket connection from client
Wed Apr 16 07:33:12 2025: Starting Socket connection
Wed Apr 16 07:33:24 2025: Dispatch Server: Accepted socket connection from client
Wed Apr 16 07:33:24 2025: Starting Socket connection
Wed Apr 16 07:33:35 2025: Dispatch Server: Accepted socket connection from client
Wed Apr 16 07:33:35 2025: Starting Socket connection
Wed Apr 16 07:33:36 2025: Dispatch Server: Accepted socket connection from client
Wed Apr 16 07:33:36 2025: Starting Socket connection
Wed Apr 16 07:33:36 2025: Dispatch Server: Accepted socket connection from client
Wed Apr 16 07:33:36 2025: Starting Socket connection
Wed Apr 16 07:33:56 2025: Dispatch Server: Accepted socket connection from client
Wed Apr 16 07:33:56 2025: Starting Socket connection
Wed Apr 16 07:34:00 2025: Dispatch Server: Accepted socket connection from client
Wed Apr 16 07:34:00 2025: Starting Socket connection
Wed Apr 16 07:34:05 2025: Dispatch Server: Accepted socket connection from client
Wed Apr 16 07:34:05 2025: Starting Socket connection
Wed Apr 16 07:34:07 2025: Dispatch Server: Accepted socket connection from client
Wed Apr 16 07:34:07 2025: Starting Socket connection
Wed Apr 16 07:34:21 2025: Dispatch Server: Accepted socket connection from client
Wed Apr 16 07:34:21 2025: Starting Socket connection
Wed Apr 16 07:34:24 2025: Dispatch Server: Accepted socket connection from client
Wed Apr 16 07:34:24 2025: Starting Socket connection
Wed Apr 16 07:34:30 2025: Dispatch Server: Accepted socket connection from client
Wed Apr 16 07:34:30 2025: Starting Socket connection
Wed Apr 16 07:34:46 2025: Dispatch Server: Accepted socket connection from client
Wed Apr 16 07:34:46 2025: Starting Socket connection
Wed Apr 16 07:34:49 2025: Dispatch Server: Accepted socket connection from client
Wed Apr 16 07:34:49 2025: Starting Socket connection
Wed Apr 16 07:34:54 2025: Dispatch Server: Accepted socket connection from client
Wed Apr 16 07:34:54 2025: Starting Socket connection
Wed Apr 16 07:34:58 2025: Dispatch Server: Accepted socket connection from client
Wed Apr 16 07:34:58 2025: Starting Socket connection
Wed Apr 16 07:35:03 2025: Dispatch Server: Accepted socket connection from client
Wed Apr 16 07:35:03 2025: Starting Socket connection
Wed Apr 16 07:35:10 2025: Dispatch Server: Accepted socket connection from client
Wed Apr 16 07:35:10 2025: Starting Socket connection
Wed Apr 16 07:35:13 2025: Dispatch Server: Accepted socket connection from client
Wed Apr 16 07:35:13 2025: Starting Socket connection
Wed Apr 16 07:35:19 2025: Dispatch Server: Accepted socket connection from client
Wed Apr 16 07:35:19 2025: Starting Socket connection
Wed Apr 16 07:35:20 2025: Dispatch Server: Accepted socket connection from client
Wed Apr 16 07:35:20 2025: Starting Socket connection
Wed Apr 16 07:35:40 2025: Dispatch Server: Accepted socket connection from client
Wed Apr 16 07:35:40 2025: Starting Socket connection
Wed Apr 16 07:35:45 2025: Dispatch Server: Accepted socket connection from client
Wed Apr 16 07:35:45 2025: Starting Socket connection
Wed Apr 16 07:36:04 2025: Dispatch Server: Accepted socket connection from client
Wed Apr 16 07:36:04 2025: Starting Socket connection
Wed Apr 16 07:36:09 2025: Dispatch Server: Accepted socket connection from client
Wed Apr 16 07:36:09 2025: Starting Socket connection
Wed Apr 16 07:36:19 2025: Dispatch Server: Accepted socket connection from client
Wed Apr 16 07:36:19 2025: Starting Socket connection
Wed Apr 16 07:36:20 2025: Dispatch Server: Accepted socket connection from client
Wed Apr 16 07:36:20 2025: Starting Socket connection
Wed Apr 16 07:36:25 2025: Dispatch Server: Accepted socket connection from client
Wed Apr 16 07:36:25 2025: Starting Socket connection
Wed Apr 16 07:36:28 2025: Dispatch Server: Accepted socket connection from client
Wed Apr 16 07:36:28 2025: Starting Socket connection
Wed Apr 16 07:36:31 2025: Dispatch Server: Accepted socket connection from client
Wed Apr 16 07:36:31 2025: Starting Socket connection
Wed Apr 16 07:36:34 2025: Dispatch Server: Accepted socket connection from client
Wed Apr 16 07:36:34 2025: Starting Socket connection
Wed Apr 16 07:36:38 2025: Dispatch Server: Accepted socket connection from client
Wed Apr 16 07:36:38 2025: Starting Socket connection
Wed Apr 16 07:36:43 2025: Dispatch Server: Accepted socket connection from client
Wed Apr 16 07:36:43 2025: Starting Socket connection
Wed Apr 16 07:36:44 2025: Dispatch Server: Accepted socket connection from client
Wed Apr 16 07:36:44 2025: Starting Socket connection
Wed Apr 16 07:36:48 2025: Dispatch Server: Accepted socket connection from client
Wed Apr 16 07:36:48 2025: Starting Socket connection
Wed Apr 16 07:36:49 2025: Dispatch Server: Accepted socket connection from client
Wed Apr 16 07:36:49 2025: Starting Socket connection
Wed Apr 16 07:36:52 2025: Dispatch Server: Accepted socket connection from client
Wed Apr 16 07:36:52 2025: Starting Socket connection
Wed Apr 16 07:36:55 2025: Dispatch Server: Accepted socket connection from client
Wed Apr 16 07:36:55 2025: Starting Socket connection
Wed Apr 16 07:36:58 2025: Dispatch Server: Accepted socket connection from client
Wed Apr 16 07:36:58 2025: Starting Socket connection
Wed Apr 16 07:37:02 2025: Dispatch Server: Accepted socket connection from client
Wed Apr 16 07:37:02 2025: Starting Socket connection
Wed Apr 16 07:37:07 2025: Dispatch Server: Accepted socket connection from client
Wed Apr 16 07:37:07 2025: Starting Socket connection
Wed Apr 16 07:37:09 2025: Dispatch Server: Accepted socket connection from client
Wed Apr 16 07:37:09 2025: Starting Socket connection
Wed Apr 16 07:37:13 2025: Dispatch Server: Accepted socket connection from client
Wed Apr 16 07:37:13 2025: Starting Socket connection
Wed Apr 16 07:37:27 2025: Dispatch Server: Accepted socket connection from client
Wed Apr 16 07:37:27 2025: Starting Socket connection
Wed Apr 16 07:37:33 2025: Dispatch Server: Accepted socket connection from client
Wed Apr 16 07:37:33 2025: Starting Socket connection
Wed Apr 16 07:37:58 2025: Dispatch Server: Accepted socket connection from client
Wed Apr 16 07:37:58 2025: Starting Socket connection
Wed Apr 16 07:38:16 2025: Dispatch Server: Accepted socket connection from client
Wed Apr 16 07:38:16 2025: Starting Socket connection
Wed Apr 16 07:38:20 2025: Dispatch Server: Accepted socket connection from client
Wed Apr 16 07:38:20 2025: Starting Socket connection
Wed Apr 16 07:38:24 2025: Dispatch Server: Accepted socket connection from client
Wed Apr 16 07:38:24 2025: Starting Socket connection
Wed Apr 16 07:38:25 2025: Dispatch Server: Accepted socket connection from client
Wed Apr 16 07:38:25 2025: Starting Socket connection
Wed Apr 16 07:38:33 2025: Dispatch Server: Accepted socket connection from client
Wed Apr 16 07:38:33 2025: Starting Socket connection
Wed Apr 16 07:38:44 2025: Dispatch Server: Accepted socket connection from client
Wed Apr 16 07:38:44 2025: Starting Socket connection
Wed Apr 16 07:38:50 2025: Dispatch Server: Accepted socket connection from client
Wed Apr 16 07:38:50 2025: Starting Socket connection
Wed Apr 16 07:38:54 2025: Dispatch Server: Accepted socket connection from client
Wed Apr 16 07:38:54 2025: Starting Socket connection
Wed Apr 16 07:38:58 2025: Dispatch Server: Accepted socket connection from client
Wed Apr 16 07:38:58 2025: Starting Socket connection
Wed Apr 16 07:39:09 2025: Dispatch Server: Accepted socket connection from client
Wed Apr 16 07:39:09 2025: Starting Socket connection
Wed Apr 16 07:39:14 2025: Dispatch Server: Accepted socket connection from client
Wed Apr 16 07:39:14 2025: Starting Socket connection
Wed Apr 16 07:39:18 2025: Dispatch Server: Accepted socket connection from client
Wed Apr 16 07:39:18 2025: Starting Socket connection
Wed Apr 16 07:39:22 2025: Dispatch Server: Accepted socket connection from client
Wed Apr 16 07:39:22 2025: Starting Socket connection
Wed Apr 16 07:39:26 2025: Dispatch Server: Accepted socket connection from client
Wed Apr 16 07:39:26 2025: Starting Socket connection
Wed Apr 16 07:39:33 2025: Dispatch Server: Accepted socket connection from client
Wed Apr 16 07:39:33 2025: Starting Socket connection
Wed Apr 16 07:39:37 2025: Dispatch Server: Accepted socket connection from client
Wed Apr 16 07:39:37 2025: Starting Socket connection
Wed Apr 16 07:39:39 2025: Dispatch Server: Accepted socket connection from client
Wed Apr 16 07:39:39 2025: Starting Socket connection
Wed Apr 16 07:39:42 2025: Dispatch Server: Accepted socket connection from client
Wed Apr 16 07:39:42 2025: Starting Socket connection
Wed Apr 16 07:39:46 2025: Dispatch Server: Accepted socket connection from client
Wed Apr 16 07:39:46 2025: Starting Socket connection
Wed Apr 16 07:39:50 2025: Dispatch Server: Accepted socket connection from client
Wed Apr 16 07:39:50 2025: Starting Socket connection
Wed Apr 16 07:39:51 2025: Dispatch Server: Accepted socket connection from client
Wed Apr 16 07:39:51 2025: Starting Socket connection
Wed Apr 16 07:39:57 2025: Dispatch Server: Accepted socket connection from client
Wed Apr 16 07:39:57 2025: Starting Socket connection
Wed Apr 16 07:40:01 2025: Dispatch Server: Accepted socket connection from client
Wed Apr 16 07:40:01 2025: Starting Socket connection
Wed Apr 16 07:40:03 2025: Dispatch Server: Accepted socket connection from client
Wed Apr 16 07:40:03 2025: Starting Socket connection
Wed Apr 16 07:40:07 2025: Dispatch Server: Accepted socket connection from client
Wed Apr 16 07:40:07 2025: Starting Socket connection
Wed Apr 16 07:40:10 2025: Dispatch Server: Accepted socket connection from client
Wed Apr 16 07:40:10 2025: Starting Socket connection
Wed Apr 16 07:40:14 2025: Dispatch Server: Accepted socket connection from client
Wed Apr 16 07:40:14 2025: Starting Socket connection
Wed Apr 16 07:40:16 2025: Dispatch Server: Accepted socket connection from client
Wed Apr 16 07:40:16 2025: Starting Socket connection
Wed Apr 16 07:40:38 2025: Dispatch Server: Accepted socket connection from client
Wed Apr 16 07:40:38 2025: Starting Socket connection
Wed Apr 16 07:41:05 2025: Dispatch Server: Accepted socket connection from client
Wed Apr 16 07:41:05 2025: Starting Socket connection
Wed Apr 16 07:41:22 2025: Dispatch Server: Accepted socket connection from client
Wed Apr 16 07:41:22 2025: Starting Socket connection
Wed Apr 16 07:41:36 2025: Dispatch Server: Accepted socket connection from client
Wed Apr 16 07:41:36 2025: Starting Socket connection
Wed Apr 16 07:41:39 2025: Dispatch Server: Accepted socket connection from client
Wed Apr 16 07:41:39 2025: Starting Socket connection
Wed Apr 16 07:41:40 2025: Dispatch Server: Accepted socket connection from client
Wed Apr 16 07:41:40 2025: Starting Socket connection
Wed Apr 16 07:41:55 2025: Dispatch Server: Accepted socket connection from client
Wed Apr 16 07:41:55 2025: Starting Socket connection
Wed Apr 16 07:42:08 2025: Dispatch Server: Accepted socket connection from client
Wed Apr 16 07:42:08 2025: Starting Socket connection
Wed Apr 16 07:42:31 2025: Dispatch Server: Accepted socket connection from client
Wed Apr 16 07:42:31 2025: Starting Socket connection
Wed Apr 16 07:42:49 2025: Dispatch Server: Accepted socket connection from client
Wed Apr 16 07:42:49 2025: Starting Socket connection
Wed Apr 16 07:42:56 2025: Dispatch Server: Accepted socket connection from client
Wed Apr 16 07:42:56 2025: Starting Socket connection
Wed Apr 16 07:43:03 2025: Dispatch Server: Accepted socket connection from client
Wed Apr 16 07:43:03 2025: Starting Socket connection
Wed Apr 16 07:43:07 2025: Dispatch Server: Accepted socket connection from client
Wed Apr 16 07:43:07 2025: Starting Socket connection
Wed Apr 16 07:43:08 2025: Dispatch Server: Accepted socket connection from client
Wed Apr 16 07:43:08 2025: Starting Socket connection
Wed Apr 16 07:43:23 2025: Dispatch Server: Accepted socket connection from client
Wed Apr 16 07:43:23 2025: Starting Socket connection
Wed Apr 16 07:43:36 2025: Dispatch Server: Accepted socket connection from client
Wed Apr 16 07:43:36 2025: Starting Socket connection
Wed Apr 16 07:43:58 2025: Dispatch Server: Accepted socket connection from client
Wed Apr 16 07:43:58 2025: Starting Socket connection
Wed Apr 16 07:44:16 2025: Dispatch Server: Accepted socket connection from client
Wed Apr 16 07:44:16 2025: Starting Socket connection
Wed Apr 16 07:44:28 2025: Dispatch Server: Accepted socket connection from client
Wed Apr 16 07:44:28 2025: Starting Socket connection
Wed Apr 16 07:44:31 2025: Dispatch Server: Accepted socket connection from client
Wed Apr 16 07:44:31 2025: Starting Socket connection
Wed Apr 16 07:44:35 2025: Dispatch Server: Accepted socket connection from client
Wed Apr 16 07:44:35 2025: Starting Socket connection
Wed Apr 16 07:44:39 2025: Dispatch Server: Accepted socket connection from client
Wed Apr 16 07:44:39 2025: Starting Socket connection
Wed Apr 16 07:44:51 2025: Dispatch Server: Accepted socket connection from client
Wed Apr 16 07:44:51 2025: Starting Socket connection
Wed Apr 16 07:45:02 2025: Dispatch Server: Accepted socket connection from client
Wed Apr 16 07:45:02 2025: Starting Socket connection
Wed Apr 16 07:45:04 2025: Dispatch Server: Accepted socket connection from client
Wed Apr 16 07:45:04 2025: Starting Socket connection
Wed Apr 16 07:45:16 2025: Dispatch Server: Accepted socket connection from client
Wed Apr 16 07:45:16 2025: Starting Socket connection
Wed Apr 16 07:45:24 2025: Dispatch Server: Accepted socket connection from client
Wed Apr 16 07:45:24 2025: Starting Socket connection
Wed Apr 16 07:45:26 2025: Dispatch Server: Accepted socket connection from client
Wed Apr 16 07:45:26 2025: Starting Socket connection
Wed Apr 16 07:45:28 2025: Dispatch Server: Accepted socket connection from client
Wed Apr 16 07:45:28 2025: Starting Socket connection
Wed Apr 16 07:45:44 2025: Dispatch Server: Accepted socket connection from client
Wed Apr 16 07:45:44 2025: Starting Socket connection
Wed Apr 16 07:46:04 2025: Dispatch Server: Accepted socket connection from client
Wed Apr 16 07:46:04 2025: Starting Socket connection
Wed Apr 16 07:47:03 2025: Dispatch Server: Accepted socket connection from client
Wed Apr 16 07:47:03 2025: Starting Socket connection
Wed Apr 16 07:47:03 2025: Dispatch Server: Accepted socket connection from client
Wed Apr 16 07:47:03 2025: Starting Socket connection
Wed Apr 16 07:47:31 2025: Dispatch Server: Accepted socket connection from client
Wed Apr 16 07:47:31 2025: Starting Socket connection
Wed Apr 16 07:51:33 2025: Dispatch Server: Accepted socket connection from client
Wed Apr 16 07:51:33 2025: Starting Socket connection
Wed Apr 16 07:53:09 2025: Dispatch Server: Accepted socket connection from client
Wed Apr 16 07:53:09 2025: Starting Socket connection
Wed Apr 16 09:46:16 2025: SESSION_MGR: closing session for UUID '0e0cce18-cf1a-4899-b786-4b74b2dce974' with name 'v++_link_myproject_kernel'
Wed Apr 16 09:46:16 2025: KERNEL_SVC: closing session for UUID '0e0cce18-cf1a-4899-b786-4b74b2dce974' with name 'v++_link_myproject_kernel'
Wed Apr 16 09:46:16 2025: GUIDANCE_SMGR: closing session for UUID '0e0cce18-cf1a-4899-b786-4b74b2dce974' with name 'v++_link_myproject_kernel'
Wed Apr 16 09:46:16 2025: SYSTEM_DIAGRAM: closing session for UUID '0e0cce18-cf1a-4899-b786-4b74b2dce974' with name 'v++_link_myproject_kernel'
Wed Apr 16 09:46:16 2025: STOP_SERVER received, server token: e4859f2d-029d-4700-868a-e8055aa66109, passed token: e4859f2d-029d-4700-868a-e8055aa66109
